# JRE version: OpenJDK Runtime Environment Temurin-21.0.7+6 (21.0.7+6) (build 21.0.7+6-LTS)
# Java VM: OpenJDK 64-Bit Server VM Temurin-21.0.7+6 (21.0.7+6-LTS, mixed mode, sharing, tiered, compressed oops, compressed class ptrs, parallel gc, windows-amd64)
GC Precious Log:
 CardTable entry size: 512
 CPUs: 12 total, 12 available
 Memory: 8003M
 Large Page Support: Disabled
 NUMA Support: Disabled
 Compressed Oops: Enabled (32-bit)
 Alignments: Space 512K, Generation 512K, Heap 2M
 Heap Min Capacity: 100M
 Heap Initial Capacity: 100M
 Heap Max Capacity: 1G
 Pre-touch: Disabled
 Parallel Workers: 10
Heap:
 PSYoungGen      total 16896K, used 4197K [0x00000000eab00000, 0x00000000ebd00000, 0x0000000100000000)
  eden space 15360K, 19% used [0x00000000eab00000,0x00000000eadfb268,0x00000000eba00000)
  from space 1536K, 74% used [0x00000000ebb80000,0x00000000ebc9e430,0x00000000ebd00000)
  to   space 1536K, 0% used [0x00000000eba00000,0x00000000eba00000,0x00000000ebb80000)
 ParOldGen       total 692224K, used 691788K [0x00000000c0000000, 0x00000000ea400000, 0x00000000eab00000)
  object space 692224K, 99% used [0x00000000c0000000,0x00000000ea393100,0x00000000ea400000)
 Metaspace       used 88838K, committed 90432K, reserved 1179648K
  class space    used 8703K, committed 9408K, reserved 1048576K
GC Heap History (20 events):
Event: 16279.785 GC heap before
{Heap before GC invocations=2106 (full 5):
 PSYoungGen      total 15872K, used 15865K [0x00000000eab00000, 0x00000000ebe80000, 0x0000000100000000)
  eden space 15360K, 100% used [0x00000000eab00000,0x00000000eba00000,0x00000000eba00000)
  from space 512K, 98% used [0x00000000ebe00000,0x00000000ebe7e410,0x00000000ebe80000)
  to   space 1024K, 0% used [0x00000000ebc80000,0x00000000ebc80000,0x00000000ebd80000)
 ParOldGen       total 685568K, used 685285K [0x00000000c0000000, 0x00000000e9d80000, 0x00000000eab00000)
  object space 685568K, 99% used [0x00000000c0000000,0x00000000e9d39438,0x00000000e9d80000)
 Metaspace       used 88816K, committed 90432K, reserved 1179648K
  class space    used 8703K, committed 9408K, reserved 1048576K
}
Event: 16280.019 GC heap after
{Heap after GC invocations=2106 (full 5):
 PSYoungGen      total 16384K, used 992K [0x00000000eab00000, 0x00000000ebe80000, 0x0000000100000000)
  eden space 15360K, 0% used [0x00000000eab00000,0x00000000eab00000,0x00000000eba00000)
  from space 1024K, 96% used [0x00000000ebc80000,0x00000000ebd78020,0x00000000ebd80000)
  to   space 1024K, 0% used [0x00000000ebd80000,0x00000000ebd80000,0x00000000ebe80000)
 ParOldGen       total 686080K, used 685774K [0x00000000c0000000, 0x00000000e9e00000, 0x00000000eab00000)
  object space 686080K, 99% used [0x00000000c0000000,0x00000000e9db3858,0x00000000e9e00000)
 Metaspace       used 88816K, committed 90432K, reserved 1179648K
  class space    used 8703K, committed 9408K, reserved 1048576K
}
Event: 16281.014 GC heap before
{Heap before GC invocations=2107 (full 5):
 PSYoungGen      total 16384K, used 16350K [0x00000000eab00000, 0x00000000ebe80000, 0x0000000100000000)
  eden space 15360K, 99% used [0x00000000eab00000,0x00000000eb9ff930,0x00000000eba00000)
  from space 1024K, 96% used [0x00000000ebc80000,0x00000000ebd78020,0x00000000ebd80000)
  to   space 1024K, 0% used [0x00000000ebd80000,0x00000000ebd80000,0x00000000ebe80000)
 ParOldGen       total 686080K, used 685774K [0x00000000c0000000, 0x00000000e9e00000, 0x00000000eab00000)
  object space 686080K, 99% used [0x00000000c0000000,0x00000000e9db3858,0x00000000e9e00000)
 Metaspace       used 88816K, committed 90432K, reserved 1179648K
  class space    used 8703K, committed 9408K, reserved 1048576K
}
Event: 16281.016 GC heap after
{Heap after GC invocations=2107 (full 5):
 PSYoungGen      total 15872K, used 320K [0x00000000eab00000, 0x00000000ebe00000, 0x0000000100000000)
  eden space 15360K, 0% used [0x00000000eab00000,0x00000000eab00000,0x00000000eba00000)
  from space 512K, 62% used [0x00000000ebd80000,0x00000000ebdd0000,0x00000000ebe00000)
  to   space 1024K, 0% used [0x00000000ebc00000,0x00000000ebc00000,0x00000000ebd00000)
 ParOldGen       total 687104K, used 686651K [0x00000000c0000000, 0x00000000e9f00000, 0x00000000eab00000)
  object space 687104K, 99% used [0x00000000c0000000,0x00000000e9e8ec10,0x00000000e9f00000)
 Metaspace       used 88816K, committed 90432K, reserved 1179648K
  class space    used 8703K, committed 9408K, reserved 1048576K
}
Event: 16303.263 GC heap before
{Heap before GC invocations=2108 (full 5):
 PSYoungGen      total 15872K, used 15657K [0x00000000eab00000, 0x00000000ebe00000, 0x0000000100000000)
  eden space 15360K, 99% used [0x00000000eab00000,0x00000000eb9fa6c0,0x00000000eba00000)
  from space 512K, 62% used [0x00000000ebd80000,0x00000000ebdd0000,0x00000000ebe00000)
  to   space 1024K, 0% used [0x00000000ebc00000,0x00000000ebc00000,0x00000000ebd00000)
 ParOldGen       total 687104K, used 686651K [0x00000000c0000000, 0x00000000e9f00000, 0x00000000eab00000)
  object space 687104K, 99% used [0x00000000c0000000,0x00000000e9e8ec10,0x00000000e9f00000)
 Metaspace       used 88827K, committed 90432K, reserved 1179648K
  class space    used 8703K, committed 9408K, reserved 1048576K
}
Event: 16303.268 GC heap after
{Heap after GC invocations=2108 (full 5):
 PSYoungGen      total 16384K, used 548K [0x00000000eab00000, 0x00000000ebe00000, 0x0000000100000000)
  eden space 15360K, 0% used [0x00000000eab00000,0x00000000eab00000,0x00000000eba00000)
  from space 1024K, 53% used [0x00000000ebc00000,0x00000000ebc89230,0x00000000ebd00000)
  to   space 1024K, 0% used [0x00000000ebd00000,0x00000000ebd00000,0x00000000ebe00000)
 ParOldGen       total 687104K, used 686739K [0x00000000c0000000, 0x00000000e9f00000, 0x00000000eab00000)
  object space 687104K, 99% used [0x00000000c0000000,0x00000000e9ea4c10,0x00000000e9f00000)
 Metaspace       used 88827K, committed 90432K, reserved 1179648K
  class space    used 8703K, committed 9408K, reserved 1048576K
}
Event: 16303.298 GC heap before
{Heap before GC invocations=2109 (full 5):
 PSYoungGen      total 16384K, used 15908K [0x00000000eab00000, 0x00000000ebe00000, 0x0000000100000000)
  eden space 15360K, 100% used [0x00000000eab00000,0x00000000eba00000,0x00000000eba00000)
  from space 1024K, 53% used [0x00000000ebc00000,0x00000000ebc89230,0x00000000ebd00000)
  to   space 1024K, 0% used [0x00000000ebd00000,0x00000000ebd00000,0x00000000ebe00000)
 ParOldGen       total 687104K, used 686739K [0x00000000c0000000, 0x00000000e9f00000, 0x00000000eab00000)
  object space 687104K, 99% used [0x00000000c0000000,0x00000000e9ea4c10,0x00000000e9f00000)
 Metaspace       used 88830K, committed 90432K, reserved 1179648K
  class space    used 8703K, committed 9408K, reserved 1048576K
}
Event: 16303.304 GC heap after
{Heap after GC invocations=2109 (full 5):
 PSYoungGen      total 16384K, used 1007K [0x00000000eab00000, 0x00000000ec000000, 0x0000000100000000)
  eden space 15360K, 0% used [0x00000000eab00000,0x00000000eab00000,0x00000000eba00000)
  from space 1024K, 98% used [0x00000000ebd00000,0x00000000ebdfbea0,0x00000000ebe00000)
  to   space 3072K, 0% used [0x00000000eba00000,0x00000000eba00000,0x00000000ebd00000)
 ParOldGen       total 688128K, used 688126K [0x00000000c0000000, 0x00000000ea000000, 0x00000000eab00000)
  object space 688128K, 99% used [0x00000000c0000000,0x00000000e9fffa58,0x00000000ea000000)
 Metaspace       used 88830K, committed 90432K, reserved 1179648K
  class space    used 8703K, committed 9408K, reserved 1048576K
}
Event: 16303.319 GC heap before
{Heap before GC invocations=2110 (full 5):
 PSYoungGen      total 16384K, used 16367K [0x00000000eab00000, 0x00000000ec000000, 0x0000000100000000)
  eden space 15360K, 100% used [0x00000000eab00000,0x00000000eba00000,0x00000000eba00000)
  from space 1024K, 98% used [0x00000000ebd00000,0x00000000ebdfbea0,0x00000000ebe00000)
  to   space 3072K, 0% used [0x00000000eba00000,0x00000000eba00000,0x00000000ebd00000)
 ParOldGen       total 688128K, used 688126K [0x00000000c0000000, 0x00000000ea000000, 0x00000000eab00000)
  object space 688128K, 99% used [0x00000000c0000000,0x00000000e9fffa58,0x00000000ea000000)
 Metaspace       used 88830K, committed 90432K, reserved 1179648K
  class space    used 8703K, committed 9408K, reserved 1048576K
}
Event: 16303.326 GC heap after
{Heap after GC invocations=2110 (full 5):
 PSYoungGen      total 16896K, used 1216K [0x00000000eab00000, 0x00000000ebe00000, 0x0000000100000000)
  eden space 15360K, 0% used [0x00000000eab00000,0x00000000eab00000,0x00000000eba00000)
  from space 1536K, 79% used [0x00000000eba00000,0x00000000ebb30000,0x00000000ebb80000)
  to   space 2048K, 0% used [0x00000000ebc00000,0x00000000ebc00000,0x00000000ebe00000)
 ParOldGen       total 689152K, used 689078K [0x00000000c0000000, 0x00000000ea100000, 0x00000000eab00000)
  object space 689152K, 99% used [0x00000000c0000000,0x00000000ea0ed8f8,0x00000000ea100000)
 Metaspace       used 88830K, committed 90432K, reserved 1179648K
  class space    used 8703K, committed 9408K, reserved 1048576K
}
Event: 16303.346 GC heap before
{Heap before GC invocations=2111 (full 5):
 PSYoungGen      total 16896K, used 16576K [0x00000000eab00000, 0x00000000ebe00000, 0x0000000100000000)
  eden space 15360K, 100% used [0x00000000eab00000,0x00000000eba00000,0x00000000eba00000)
  from space 1536K, 79% used [0x00000000eba00000,0x00000000ebb30000,0x00000000ebb80000)
  to   space 2048K, 0% used [0x00000000ebc00000,0x00000000ebc00000,0x00000000ebe00000)
 ParOldGen       total 689152K, used 689078K [0x00000000c0000000, 0x00000000ea100000, 0x00000000eab00000)
  object space 689152K, 99% used [0x00000000c0000000,0x00000000ea0ed8f8,0x00000000ea100000)
 Metaspace       used 88830K, committed 90432K, reserved 1179648K
  class space    used 8703K, committed 9408K, reserved 1048576K
}
Event: 16303.351 GC heap after
{Heap after GC invocations=2111 (full 5):
 PSYoungGen      total 16896K, used 1467K [0x00000000eab00000, 0x00000000ebd80000, 0x0000000100000000)
  eden space 15360K, 0% used [0x00000000eab00000,0x00000000eab00000,0x00000000eba00000)
  from space 1536K, 95% used [0x00000000ebc00000,0x00000000ebd6ec00,0x00000000ebd80000)
  to   space 1536K, 0% used [0x00000000eba00000,0x00000000eba00000,0x00000000ebb80000)
 ParOldGen       total 690176K, used 690094K [0x00000000c0000000, 0x00000000ea200000, 0x00000000eab00000)
  object space 690176K, 99% used [0x00000000c0000000,0x00000000ea1eb8f8,0x00000000ea200000)
 Metaspace       used 88830K, committed 90432K, reserved 1179648K
  class space    used 8703K, committed 9408K, reserved 1048576K
}
Event: 16303.363 GC heap before
{Heap before GC invocations=2112 (full 5):
 PSYoungGen      total 16896K, used 16827K [0x00000000eab00000, 0x00000000ebd80000, 0x0000000100000000)
  eden space 15360K, 100% used [0x00000000eab00000,0x00000000eba00000,0x00000000eba00000)
  from space 1536K, 95% used [0x00000000ebc00000,0x00000000ebd6ec00,0x00000000ebd80000)
  to   space 1536K, 0% used [0x00000000eba00000,0x00000000eba00000,0x00000000ebb80000)
 ParOldGen       total 690176K, used 690094K [0x00000000c0000000, 0x00000000ea200000, 0x00000000eab00000)
  object space 690176K, 99% used [0x00000000c0000000,0x00000000ea1eb8f8,0x00000000ea200000)
 Metaspace       used 88830K, committed 90432K, reserved 1179648K
  class space    used 8703K, committed 9408K, reserved 1048576K
}
Event: 16303.367 GC heap after
{Heap after GC invocations=2112 (full 5):
 PSYoungGen      total 16896K, used 681K [0x00000000eab00000, 0x00000000ebc80000, 0x0000000100000000)
  eden space 15360K, 0% used [0x00000000eab00000,0x00000000eab00000,0x00000000eba00000)
  from space 1536K, 44% used [0x00000000eba00000,0x00000000ebaaa400,0x00000000ebb80000)
  to   space 1024K, 0% used [0x00000000ebb80000,0x00000000ebb80000,0x00000000ebc80000)
 ParOldGen       total 690688K, used 690310K [0x00000000c0000000, 0x00000000ea280000, 0x00000000eab00000)
  object space 690688K, 99% used [0x00000000c0000000,0x00000000ea2218f8,0x00000000ea280000)
 Metaspace       used 88830K, committed 90432K, reserved 1179648K
  class space    used 8703K, committed 9408K, reserved 1048576K
}
Event: 18027.046 GC heap before
{Heap before GC invocations=2113 (full 5):
 PSYoungGen      total 16896K, used 16041K [0x00000000eab00000, 0x00000000ebc80000, 0x0000000100000000)
  eden space 15360K, 100% used [0x00000000eab00000,0x00000000eba00000,0x00000000eba00000)
  from space 1536K, 44% used [0x00000000eba00000,0x00000000ebaaa400,0x00000000ebb80000)
  to   space 1024K, 0% used [0x00000000ebb80000,0x00000000ebb80000,0x00000000ebc80000)
 ParOldGen       total 690688K, used 690310K [0x00000000c0000000, 0x00000000ea280000, 0x00000000eab00000)
  object space 690688K, 99% used [0x00000000c0000000,0x00000000ea2218f8,0x00000000ea280000)
 Metaspace       used 88833K, committed 90432K, reserved 1179648K
  class space    used 8703K, committed 9408K, reserved 1048576K
}
Event: 18027.217 GC heap after
{Heap after GC invocations=2113 (full 5):
 PSYoungGen      total 16384K, used 777K [0x00000000eab00000, 0x00000000ebc80000, 0x0000000100000000)
  eden space 15360K, 0% used [0x00000000eab00000,0x00000000eab00000,0x00000000eba00000)
  from space 1024K, 75% used [0x00000000ebb80000,0x00000000ebc42440,0x00000000ebc80000)
  to   space 1024K, 0% used [0x00000000eba80000,0x00000000eba80000,0x00000000ebb80000)
 ParOldGen       total 691200K, used 690702K [0x00000000c0000000, 0x00000000ea300000, 0x00000000eab00000)
  object space 691200K, 99% used [0x00000000c0000000,0x00000000ea2838f8,0x00000000ea300000)
 Metaspace       used 88833K, committed 90432K, reserved 1179648K
  class space    used 8703K, committed 9408K, reserved 1048576K
}
Event: 18053.635 GC heap before
{Heap before GC invocations=2114 (full 5):
 PSYoungGen      total 16384K, used 16137K [0x00000000eab00000, 0x00000000ebc80000, 0x0000000100000000)
  eden space 15360K, 100% used [0x00000000eab00000,0x00000000eba00000,0x00000000eba00000)
  from space 1024K, 75% used [0x00000000ebb80000,0x00000000ebc42440,0x00000000ebc80000)
  to   space 1024K, 0% used [0x00000000eba80000,0x00000000eba80000,0x00000000ebb80000)
 ParOldGen       total 691200K, used 690702K [0x00000000c0000000, 0x00000000ea300000, 0x00000000eab00000)
  object space 691200K, 99% used [0x00000000c0000000,0x00000000ea2838f8,0x00000000ea300000)
 Metaspace       used 88835K, committed 90432K, reserved 1179648K
  class space    used 8703K, committed 9408K, reserved 1048576K
}
Event: 18053.834 GC heap after
{Heap after GC invocations=2114 (full 5):
 PSYoungGen      total 16384K, used 1017K [0x00000000eab00000, 0x00000000ebd00000, 0x0000000100000000)
  eden space 15360K, 0% used [0x00000000eab00000,0x00000000eab00000,0x00000000eba00000)
  from space 1024K, 99% used [0x00000000eba80000,0x00000000ebb7e430,0x00000000ebb80000)
  to   space 1536K, 0% used [0x00000000ebb80000,0x00000000ebb80000,0x00000000ebd00000)
 ParOldGen       total 691200K, used 690954K [0x00000000c0000000, 0x00000000ea300000, 0x00000000eab00000)
  object space 691200K, 99% used [0x00000000c0000000,0x00000000ea2c2948,0x00000000ea300000)
 Metaspace       used 88835K, committed 90432K, reserved 1179648K
  class space    used 8703K, committed 9408K, reserved 1048576K
}
Event: 22716.800 GC heap before
{Heap before GC invocations=2115 (full 5):
 PSYoungGen      total 16384K, used 16377K [0x00000000eab00000, 0x00000000ebd00000, 0x0000000100000000)
  eden space 15360K, 100% used [0x00000000eab00000,0x00000000eba00000,0x00000000eba00000)
  from space 1024K, 99% used [0x00000000eba80000,0x00000000ebb7e430,0x00000000ebb80000)
  to   space 1536K, 0% used [0x00000000ebb80000,0x00000000ebb80000,0x00000000ebd00000)
 ParOldGen       total 691200K, used 690954K [0x00000000c0000000, 0x00000000ea300000, 0x00000000eab00000)
  object space 691200K, 99% used [0x00000000c0000000,0x00000000ea2c2948,0x00000000ea300000)
 Metaspace       used 88835K, committed 90432K, reserved 1179648K
  class space    used 8703K, committed 9408K, reserved 1048576K
}
Event: 22717.001 GC heap after
{Heap after GC invocations=2115 (full 5):
 PSYoungGen      total 16896K, used 1145K [0x00000000eab00000, 0x00000000ebd00000, 0x0000000100000000)
  eden space 15360K, 0% used [0x00000000eab00000,0x00000000eab00000,0x00000000eba00000)
  from space 1536K, 74% used [0x00000000ebb80000,0x00000000ebc9e430,0x00000000ebd00000)
  to   space 1536K, 0% used [0x00000000eba00000,0x00000000eba00000,0x00000000ebb80000)
 ParOldGen       total 692224K, used 691788K [0x00000000c0000000, 0x00000000ea400000, 0x00000000eab00000)
  object space 692224K, 99% used [0x00000000c0000000,0x00000000ea393100,0x00000000ea400000)
 Metaspace       used 88835K, committed 90432K, reserved 1179648K
  class space    used 8703K, committed 9408K, reserved 1048576K
}

