# JRE version: OpenJDK Runtime Environment Temurin-21.0.7+6 (21.0.7+6) (build 21.0.7+6-LTS)
# Java VM: OpenJDK 64-Bit Server VM Temurin-21.0.7+6 (21.0.7+6-LTS, mixed mode, sharing, tiered, compressed oops, compressed class ptrs, parallel gc, windows-amd64)
GC Precious Log:
 CardTable entry size: 512
 CPUs: 12 total, 12 available
 Memory: 8003M
 Large Page Support: Disabled
 NUMA Support: Disabled
 Compressed Oops: Enabled (32-bit)
 Alignments: Space 512K, Generation 512K, Heap 2M
 Heap Min Capacity: 100M
 Heap Initial Capacity: 100M
 Heap Max Capacity: 1G
 Pre-touch: Disabled
 Parallel Workers: 10
Heap:
 PSYoungGen      total 6656K, used 6172K [0x00000000eab00000, 0x00000000eb380000, 0x0000000100000000)
  eden space 6144K, 95% used [0x00000000eab00000,0x00000000eb0b71e0,0x00000000eb100000)
  from space 512K, 62% used [0x00000000eb100000,0x00000000eb150000,0x00000000eb180000)
  to   space 512K, 0% used [0x00000000eb300000,0x00000000eb300000,0x00000000eb380000)
 ParOldGen       total 349696K, used 195424K [0x00000000c0000000, 0x00000000d5580000, 0x00000000eab00000)
  object space 349696K, 55% used [0x00000000c0000000,0x00000000cbed8128,0x00000000d5580000)
 Metaspace       used 75314K, committed 76928K, reserved 1179648K
  class space    used 7441K, committed 8128K, reserved 1048576K
GC Heap History (20 events):
Event: 36.538 GC heap before
{Heap before GC invocations=1057 (full 4):
 PSYoungGen      total 6656K, used 6432K [0x00000000eab00000, 0x00000000eb380000, 0x0000000100000000)
  eden space 6144K, 100% used [0x00000000eab00000,0x00000000eb100000,0x00000000eb100000)
  from space 512K, 56% used [0x00000000eb300000,0x00000000eb348000,0x00000000eb380000)
  to   space 512K, 0% used [0x00000000eb100000,0x00000000eb100000,0x00000000eb180000)
 ParOldGen       total 349696K, used 192197K [0x00000000c0000000, 0x00000000d5580000, 0x00000000eab00000)
  object space 349696K, 54% used [0x00000000c0000000,0x00000000cbbb17c8,0x00000000d5580000)
 Metaspace       used 75257K, committed 76928K, reserved 1179648K
  class space    used 7426K, committed 8128K, reserved 1048576K
}
Event: 36.539 GC heap after
{Heap after GC invocations=1057 (full 4):
 PSYoungGen      total 6656K, used 320K [0x00000000eab00000, 0x00000000eb380000, 0x0000000100000000)
  eden space 6144K, 0% used [0x00000000eab00000,0x00000000eab00000,0x00000000eb100000)
  from space 512K, 62% used [0x00000000eb100000,0x00000000eb150000,0x00000000eb180000)
  to   space 512K, 0% used [0x00000000eb300000,0x00000000eb300000,0x00000000eb380000)
 ParOldGen       total 349696K, used 192333K [0x00000000c0000000, 0x00000000d5580000, 0x00000000eab00000)
  object space 349696K, 55% used [0x00000000c0000000,0x00000000cbbd37c8,0x00000000d5580000)
 Metaspace       used 75257K, committed 76928K, reserved 1179648K
  class space    used 7426K, committed 8128K, reserved 1048576K
}
Event: 36.545 GC heap before
{Heap before GC invocations=1058 (full 4):
 PSYoungGen      total 6656K, used 6464K [0x00000000eab00000, 0x00000000eb380000, 0x0000000100000000)
  eden space 6144K, 100% used [0x00000000eab00000,0x00000000eb100000,0x00000000eb100000)
  from space 512K, 62% used [0x00000000eb100000,0x00000000eb150000,0x00000000eb180000)
  to   space 512K, 0% used [0x00000000eb300000,0x00000000eb300000,0x00000000eb380000)
 ParOldGen       total 349696K, used 192333K [0x00000000c0000000, 0x00000000d5580000, 0x00000000eab00000)
  object space 349696K, 55% used [0x00000000c0000000,0x00000000cbbd37c8,0x00000000d5580000)
 Metaspace       used 75260K, committed 76928K, reserved 1179648K
  class space    used 7427K, committed 8128K, reserved 1048576K
}
Event: 36.546 GC heap after
{Heap after GC invocations=1058 (full 4):
 PSYoungGen      total 6656K, used 320K [0x00000000eab00000, 0x00000000eb380000, 0x0000000100000000)
  eden space 6144K, 0% used [0x00000000eab00000,0x00000000eab00000,0x00000000eb100000)
  from space 512K, 62% used [0x00000000eb300000,0x00000000eb350000,0x00000000eb380000)
  to   space 512K, 0% used [0x00000000eb100000,0x00000000eb100000,0x00000000eb180000)
 ParOldGen       total 349696K, used 192437K [0x00000000c0000000, 0x00000000d5580000, 0x00000000eab00000)
  object space 349696K, 55% used [0x00000000c0000000,0x00000000cbbed4c8,0x00000000d5580000)
 Metaspace       used 75260K, committed 76928K, reserved 1179648K
  class space    used 7427K, committed 8128K, reserved 1048576K
}
Event: 36.554 GC heap before
{Heap before GC invocations=1059 (full 4):
 PSYoungGen      total 6656K, used 6464K [0x00000000eab00000, 0x00000000eb380000, 0x0000000100000000)
  eden space 6144K, 100% used [0x00000000eab00000,0x00000000eb100000,0x00000000eb100000)
  from space 512K, 62% used [0x00000000eb300000,0x00000000eb350000,0x00000000eb380000)
  to   space 512K, 0% used [0x00000000eb100000,0x00000000eb100000,0x00000000eb180000)
 ParOldGen       total 349696K, used 192437K [0x00000000c0000000, 0x00000000d5580000, 0x00000000eab00000)
  object space 349696K, 55% used [0x00000000c0000000,0x00000000cbbed4c8,0x00000000d5580000)
 Metaspace       used 75260K, committed 76928K, reserved 1179648K
  class space    used 7427K, committed 8128K, reserved 1048576K
}
Event: 36.554 GC heap after
{Heap after GC invocations=1059 (full 4):
 PSYoungGen      total 6656K, used 320K [0x00000000eab00000, 0x00000000eb380000, 0x0000000100000000)
  eden space 6144K, 0% used [0x00000000eab00000,0x00000000eab00000,0x00000000eb100000)
  from space 512K, 62% used [0x00000000eb100000,0x00000000eb150000,0x00000000eb180000)
  to   space 512K, 0% used [0x00000000eb300000,0x00000000eb300000,0x00000000eb380000)
 ParOldGen       total 349696K, used 192580K [0x00000000c0000000, 0x00000000d5580000, 0x00000000eab00000)
  object space 349696K, 55% used [0x00000000c0000000,0x00000000cbc111c8,0x00000000d5580000)
 Metaspace       used 75260K, committed 76928K, reserved 1179648K
  class space    used 7427K, committed 8128K, reserved 1048576K
}
Event: 36.561 GC heap before
{Heap before GC invocations=1060 (full 4):
 PSYoungGen      total 6656K, used 6464K [0x00000000eab00000, 0x00000000eb380000, 0x0000000100000000)
  eden space 6144K, 100% used [0x00000000eab00000,0x00000000eb100000,0x00000000eb100000)
  from space 512K, 62% used [0x00000000eb100000,0x00000000eb150000,0x00000000eb180000)
  to   space 512K, 0% used [0x00000000eb300000,0x00000000eb300000,0x00000000eb380000)
 ParOldGen       total 349696K, used 192580K [0x00000000c0000000, 0x00000000d5580000, 0x00000000eab00000)
  object space 349696K, 55% used [0x00000000c0000000,0x00000000cbc111c8,0x00000000d5580000)
 Metaspace       used 75260K, committed 76928K, reserved 1179648K
  class space    used 7427K, committed 8128K, reserved 1048576K
}
Event: 36.561 GC heap after
{Heap after GC invocations=1060 (full 4):
 PSYoungGen      total 6656K, used 288K [0x00000000eab00000, 0x00000000eb380000, 0x0000000100000000)
  eden space 6144K, 0% used [0x00000000eab00000,0x00000000eab00000,0x00000000eb100000)
  from space 512K, 56% used [0x00000000eb300000,0x00000000eb348000,0x00000000eb380000)
  to   space 512K, 0% used [0x00000000eb100000,0x00000000eb100000,0x00000000eb180000)
 ParOldGen       total 349696K, used 192788K [0x00000000c0000000, 0x00000000d5580000, 0x00000000eab00000)
  object space 349696K, 55% used [0x00000000c0000000,0x00000000cbc451c8,0x00000000d5580000)
 Metaspace       used 75260K, committed 76928K, reserved 1179648K
  class space    used 7427K, committed 8128K, reserved 1048576K
}
Event: 36.569 GC heap before
{Heap before GC invocations=1061 (full 4):
 PSYoungGen      total 6656K, used 6432K [0x00000000eab00000, 0x00000000eb380000, 0x0000000100000000)
  eden space 6144K, 100% used [0x00000000eab00000,0x00000000eb100000,0x00000000eb100000)
  from space 512K, 56% used [0x00000000eb300000,0x00000000eb348000,0x00000000eb380000)
  to   space 512K, 0% used [0x00000000eb100000,0x00000000eb100000,0x00000000eb180000)
 ParOldGen       total 349696K, used 192788K [0x00000000c0000000, 0x00000000d5580000, 0x00000000eab00000)
  object space 349696K, 55% used [0x00000000c0000000,0x00000000cbc451c8,0x00000000d5580000)
 Metaspace       used 75260K, committed 76928K, reserved 1179648K
  class space    used 7427K, committed 8128K, reserved 1048576K
}
Event: 36.569 GC heap after
{Heap after GC invocations=1061 (full 4):
 PSYoungGen      total 6656K, used 320K [0x00000000eab00000, 0x00000000eb380000, 0x0000000100000000)
  eden space 6144K, 0% used [0x00000000eab00000,0x00000000eab00000,0x00000000eb100000)
  from space 512K, 62% used [0x00000000eb100000,0x00000000eb150000,0x00000000eb180000)
  to   space 512K, 0% used [0x00000000eb300000,0x00000000eb300000,0x00000000eb380000)
 ParOldGen       total 349696K, used 192924K [0x00000000c0000000, 0x00000000d5580000, 0x00000000eab00000)
  object space 349696K, 55% used [0x00000000c0000000,0x00000000cbc671c8,0x00000000d5580000)
 Metaspace       used 75260K, committed 76928K, reserved 1179648K
  class space    used 7427K, committed 8128K, reserved 1048576K
}
Event: 36.575 GC heap before
{Heap before GC invocations=1062 (full 4):
 PSYoungGen      total 6656K, used 6464K [0x00000000eab00000, 0x00000000eb380000, 0x0000000100000000)
  eden space 6144K, 100% used [0x00000000eab00000,0x00000000eb100000,0x00000000eb100000)
  from space 512K, 62% used [0x00000000eb100000,0x00000000eb150000,0x00000000eb180000)
  to   space 512K, 0% used [0x00000000eb300000,0x00000000eb300000,0x00000000eb380000)
 ParOldGen       total 349696K, used 192924K [0x00000000c0000000, 0x00000000d5580000, 0x00000000eab00000)
  object space 349696K, 55% used [0x00000000c0000000,0x00000000cbc671c8,0x00000000d5580000)
 Metaspace       used 75260K, committed 76928K, reserved 1179648K
  class space    used 7427K, committed 8128K, reserved 1048576K
}
Event: 36.576 GC heap after
{Heap after GC invocations=1062 (full 4):
 PSYoungGen      total 6656K, used 288K [0x00000000eab00000, 0x00000000eb380000, 0x0000000100000000)
  eden space 6144K, 0% used [0x00000000eab00000,0x00000000eab00000,0x00000000eb100000)
  from space 512K, 56% used [0x00000000eb300000,0x00000000eb348000,0x00000000eb380000)
  to   space 512K, 0% used [0x00000000eb100000,0x00000000eb100000,0x00000000eb180000)
 ParOldGen       total 349696K, used 193076K [0x00000000c0000000, 0x00000000d5580000, 0x00000000eab00000)
  object space 349696K, 55% used [0x00000000c0000000,0x00000000cbc8d1c8,0x00000000d5580000)
 Metaspace       used 75260K, committed 76928K, reserved 1179648K
  class space    used 7427K, committed 8128K, reserved 1048576K
}
Event: 36.584 GC heap before
{Heap before GC invocations=1063 (full 4):
 PSYoungGen      total 6656K, used 6432K [0x00000000eab00000, 0x00000000eb380000, 0x0000000100000000)
  eden space 6144K, 100% used [0x00000000eab00000,0x00000000eb100000,0x00000000eb100000)
  from space 512K, 56% used [0x00000000eb300000,0x00000000eb348000,0x00000000eb380000)
  to   space 512K, 0% used [0x00000000eb100000,0x00000000eb100000,0x00000000eb180000)
 ParOldGen       total 349696K, used 193076K [0x00000000c0000000, 0x00000000d5580000, 0x00000000eab00000)
  object space 349696K, 55% used [0x00000000c0000000,0x00000000cbc8d1c8,0x00000000d5580000)
 Metaspace       used 75261K, committed 76928K, reserved 1179648K
  class space    used 7427K, committed 8128K, reserved 1048576K
}
Event: 36.585 GC heap after
{Heap after GC invocations=1063 (full 4):
 PSYoungGen      total 6656K, used 288K [0x00000000eab00000, 0x00000000eb380000, 0x0000000100000000)
  eden space 6144K, 0% used [0x00000000eab00000,0x00000000eab00000,0x00000000eb100000)
  from space 512K, 56% used [0x00000000eb100000,0x00000000eb148000,0x00000000eb180000)
  to   space 512K, 0% used [0x00000000eb300000,0x00000000eb300000,0x00000000eb380000)
 ParOldGen       total 349696K, used 193244K [0x00000000c0000000, 0x00000000d5580000, 0x00000000eab00000)
  object space 349696K, 55% used [0x00000000c0000000,0x00000000cbcb71c8,0x00000000d5580000)
 Metaspace       used 75261K, committed 76928K, reserved 1179648K
  class space    used 7427K, committed 8128K, reserved 1048576K
}
Event: 36.592 GC heap before
{Heap before GC invocations=1064 (full 4):
 PSYoungGen      total 6656K, used 6431K [0x00000000eab00000, 0x00000000eb380000, 0x0000000100000000)
  eden space 6144K, 99% used [0x00000000eab00000,0x00000000eb0ffff8,0x00000000eb100000)
  from space 512K, 56% used [0x00000000eb100000,0x00000000eb148000,0x00000000eb180000)
  to   space 512K, 0% used [0x00000000eb300000,0x00000000eb300000,0x00000000eb380000)
 ParOldGen       total 349696K, used 193244K [0x00000000c0000000, 0x00000000d5580000, 0x00000000eab00000)
  object space 349696K, 55% used [0x00000000c0000000,0x00000000cbcb71c8,0x00000000d5580000)
 Metaspace       used 75265K, committed 76928K, reserved 1179648K
  class space    used 7427K, committed 8128K, reserved 1048576K
}
Event: 36.593 GC heap after
{Heap after GC invocations=1064 (full 4):
 PSYoungGen      total 6656K, used 320K [0x00000000eab00000, 0x00000000eb380000, 0x0000000100000000)
  eden space 6144K, 0% used [0x00000000eab00000,0x00000000eab00000,0x00000000eb100000)
  from space 512K, 62% used [0x00000000eb300000,0x00000000eb350000,0x00000000eb380000)
  to   space 512K, 0% used [0x00000000eb100000,0x00000000eb100000,0x00000000eb180000)
 ParOldGen       total 349696K, used 193396K [0x00000000c0000000, 0x00000000d5580000, 0x00000000eab00000)
  object space 349696K, 55% used [0x00000000c0000000,0x00000000cbcdd1c8,0x00000000d5580000)
 Metaspace       used 75265K, committed 76928K, reserved 1179648K
  class space    used 7427K, committed 8128K, reserved 1048576K
}
Event: 36.599 GC heap before
{Heap before GC invocations=1065 (full 4):
 PSYoungGen      total 6656K, used 6464K [0x00000000eab00000, 0x00000000eb380000, 0x0000000100000000)
  eden space 6144K, 100% used [0x00000000eab00000,0x00000000eb100000,0x00000000eb100000)
  from space 512K, 62% used [0x00000000eb300000,0x00000000eb350000,0x00000000eb380000)
  to   space 512K, 0% used [0x00000000eb100000,0x00000000eb100000,0x00000000eb180000)
 ParOldGen       total 349696K, used 193396K [0x00000000c0000000, 0x00000000d5580000, 0x00000000eab00000)
  object space 349696K, 55% used [0x00000000c0000000,0x00000000cbcdd1c8,0x00000000d5580000)
 Metaspace       used 75265K, committed 76928K, reserved 1179648K
  class space    used 7427K, committed 8128K, reserved 1048576K
}
Event: 36.600 GC heap after
{Heap after GC invocations=1065 (full 4):
 PSYoungGen      total 6656K, used 320K [0x00000000eab00000, 0x00000000eb380000, 0x0000000100000000)
  eden space 6144K, 0% used [0x00000000eab00000,0x00000000eab00000,0x00000000eb100000)
  from space 512K, 62% used [0x00000000eb100000,0x00000000eb150000,0x00000000eb180000)
  to   space 512K, 0% used [0x00000000eb300000,0x00000000eb300000,0x00000000eb380000)
 ParOldGen       total 349696K, used 193516K [0x00000000c0000000, 0x00000000d5580000, 0x00000000eab00000)
  object space 349696K, 55% used [0x00000000c0000000,0x00000000cbcfb1c8,0x00000000d5580000)
 Metaspace       used 75265K, committed 76928K, reserved 1179648K
  class space    used 7427K, committed 8128K, reserved 1048576K
}
Event: 36.621 GC heap before
{Heap before GC invocations=1066 (full 4):
 PSYoungGen      total 6656K, used 6463K [0x00000000eab00000, 0x00000000eb380000, 0x0000000100000000)
  eden space 6144K, 99% used [0x00000000eab00000,0x00000000eb0fffd8,0x00000000eb100000)
  from space 512K, 62% used [0x00000000eb100000,0x00000000eb150000,0x00000000eb180000)
  to   space 512K, 0% used [0x00000000eb300000,0x00000000eb300000,0x00000000eb380000)
 ParOldGen       total 349696K, used 193516K [0x00000000c0000000, 0x00000000d5580000, 0x00000000eab00000)
  object space 349696K, 55% used [0x00000000c0000000,0x00000000cbcfb1c8,0x00000000d5580000)
 Metaspace       used 75265K, committed 76928K, reserved 1179648K
  class space    used 7427K, committed 8128K, reserved 1048576K
}
Event: 36.622 GC heap after
{Heap after GC invocations=1066 (full 4):
 PSYoungGen      total 6656K, used 482K [0x00000000eab00000, 0x00000000eb380000, 0x0000000100000000)
  eden space 6144K, 0% used [0x00000000eab00000,0x00000000eab00000,0x00000000eb100000)
  from space 512K, 94% used [0x00000000eb300000,0x00000000eb378810,0x00000000eb380000)
  to   space 512K, 0% used [0x00000000eb100000,0x00000000eb100000,0x00000000eb180000)
 ParOldGen       total 349696K, used 195112K [0x00000000c0000000, 0x00000000d5580000, 0x00000000eab00000)
  object space 349696K, 55% used [0x00000000c0000000,0x00000000cbe8a128,0x00000000d5580000)
 Metaspace       used 75265K, committed 76928K, reserved 1179648K
  class space    used 7427K, committed 8128K, reserved 1048576K
}

