# JRE version: Java(TM) SE Runtime Environment (22.0.2+9) (build 22.0.2+9-70)
# Java VM: Java HotSpot(TM) 64-Bit Server VM (22.0.2+9-70, mixed mode, sharing, tiered, compressed oops, compressed class ptrs, g1 gc, windows-amd64)
GC Precious Log:
 CardTable entry size: 512
 Card Set container configuration: InlinePtr #cards 5 size 8 Array Of Cards #cards 12 size 40 Howl #buckets 4 coarsen threshold 1843 Howl Bitmap #cards 512 size 80 coarsen threshold 460 Card regions per heap region 1 cards per card region 2048
 CPUs: 12 total, 12 available
 Memory: 8003M
 Large Page Support: Disabled
 NUMA Support: Disabled
 Compressed Oops: Enabled (32-bit)
 Heap Region Size: 1M
 Heap Min Capacity: 8M
 Heap Initial Capacity: 126M
 Heap Max Capacity: 2002M
 Pre-touch: Disabled
 Parallel Workers: 10
 Concurrent Workers: 3
 Concurrent Refinement Workers: 10
 Periodic GC: Disabled
Heap:
 garbage-first heap   total reserved 2050048K, committed 133120K, used 120090K [0x0000000082e00000, 0x0000000100000000)
  region size 1024K, 61 young (62464K), 4 survivors (4096K)
 Metaspace       used 78306K, committed 79168K, reserved 1179648K
  class space    used 9745K, committed 10176K, reserved 1048576K
GC Heap History (20 events):
Event: 7.196 GC heap before
{Heap before GC invocations=26 (full 0):
 garbage-first heap   total reserved 2050048K, committed 84992K, used 73807K [0x0000000082e00000, 0x0000000100000000)
  region size 1024K, 35 young (35840K), 5 survivors (5120K)
 Metaspace       used 65746K, committed 66304K, reserved 1114112K
  class space    used 8426K, committed 8704K, reserved 1048576K
}
Event: 7.200 GC heap after
{Heap after GC invocations=27 (full 0):
 garbage-first heap   total reserved 2050048K, committed 84992K, used 43927K [0x0000000082e00000, 0x0000000100000000)
  region size 1024K, 5 young (5120K), 5 survivors (5120K)
 Metaspace       used 65746K, committed 66304K, reserved 1114112K
  class space    used 8426K, committed 8704K, reserved 1048576K
}
Event: 7.310 GC heap before
{Heap before GC invocations=27 (full 0):
 garbage-first heap   total reserved 2050048K, committed 84992K, used 73623K [0x0000000082e00000, 0x0000000100000000)
  region size 1024K, 34 young (34816K), 5 survivors (5120K)
 Metaspace       used 65991K, committed 66560K, reserved 1114112K
  class space    used 8437K, committed 8704K, reserved 1048576K
}
Event: 7.313 GC heap after
{Heap after GC invocations=28 (full 0):
 garbage-first heap   total reserved 2050048K, committed 102400K, used 45298K [0x0000000082e00000, 0x0000000100000000)
  region size 1024K, 3 young (3072K), 3 survivors (3072K)
 Metaspace       used 65991K, committed 66560K, reserved 1114112K
  class space    used 8437K, committed 8704K, reserved 1048576K
}
Event: 7.506 GC heap before
{Heap before GC invocations=29 (full 0):
 garbage-first heap   total reserved 2050048K, committed 102400K, used 93426K [0x0000000082e00000, 0x0000000100000000)
  region size 1024K, 50 young (51200K), 3 survivors (3072K)
 Metaspace       used 66596K, committed 67136K, reserved 1114112K
  class space    used 8477K, committed 8768K, reserved 1048576K
}
Event: 7.509 GC heap after
{Heap after GC invocations=30 (full 0):
 garbage-first heap   total reserved 2050048K, committed 102400K, used 47258K [0x0000000082e00000, 0x0000000100000000)
  region size 1024K, 5 young (5120K), 5 survivors (5120K)
 Metaspace       used 66596K, committed 67136K, reserved 1114112K
  class space    used 8477K, committed 8768K, reserved 1048576K
}
Event: 7.648 GC heap before
{Heap before GC invocations=30 (full 0):
 garbage-first heap   total reserved 2050048K, committed 102400K, used 91290K [0x0000000082e00000, 0x0000000100000000)
  region size 1024K, 48 young (49152K), 5 survivors (5120K)
 Metaspace       used 66988K, committed 67584K, reserved 1114112K
  class space    used 8494K, committed 8768K, reserved 1048576K
}
Event: 7.653 GC heap after
{Heap after GC invocations=31 (full 0):
 garbage-first heap   total reserved 2050048K, committed 102400K, used 48632K [0x0000000082e00000, 0x0000000100000000)
  region size 1024K, 6 young (6144K), 6 survivors (6144K)
 Metaspace       used 66988K, committed 67584K, reserved 1114112K
  class space    used 8494K, committed 8768K, reserved 1048576K
}
Event: 7.746 GC heap before
{Heap before GC invocations=31 (full 0):
 garbage-first heap   total reserved 2050048K, committed 102400K, used 89592K [0x0000000082e00000, 0x0000000100000000)
  region size 1024K, 46 young (47104K), 6 survivors (6144K)
 Metaspace       used 67277K, committed 67840K, reserved 1114112K
  class space    used 8508K, committed 8768K, reserved 1048576K
}
Event: 7.750 GC heap after
{Heap after GC invocations=32 (full 0):
 garbage-first heap   total reserved 2050048K, committed 102400K, used 49970K [0x0000000082e00000, 0x0000000100000000)
  region size 1024K, 4 young (4096K), 4 survivors (4096K)
 Metaspace       used 67277K, committed 67840K, reserved 1114112K
  class space    used 8508K, committed 8768K, reserved 1048576K
}
Event: 7.857 GC heap before
{Heap before GC invocations=33 (full 0):
 garbage-first heap   total reserved 2050048K, committed 102400K, used 91954K [0x0000000082e00000, 0x0000000100000000)
  region size 1024K, 45 young (46080K), 4 survivors (4096K)
 Metaspace       used 67567K, committed 68096K, reserved 1114112K
  class space    used 8523K, committed 8768K, reserved 1048576K
}
Event: 7.860 GC heap after
{Heap after GC invocations=34 (full 0):
 garbage-first heap   total reserved 2050048K, committed 102400K, used 51836K [0x0000000082e00000, 0x0000000100000000)
  region size 1024K, 4 young (4096K), 4 survivors (4096K)
 Metaspace       used 67567K, committed 68096K, reserved 1114112K
  class space    used 8523K, committed 8768K, reserved 1048576K
}
Event: 7.953 GC heap before
{Heap before GC invocations=34 (full 0):
 garbage-first heap   total reserved 2050048K, committed 102400K, used 91772K [0x0000000082e00000, 0x0000000100000000)
  region size 1024K, 43 young (44032K), 4 survivors (4096K)
 Metaspace       used 67821K, committed 68352K, reserved 1114112K
  class space    used 8537K, committed 8768K, reserved 1048576K
}
Event: 7.957 GC heap after
{Heap after GC invocations=35 (full 0):
 garbage-first heap   total reserved 2050048K, committed 102400K, used 53431K [0x0000000082e00000, 0x0000000100000000)
  region size 1024K, 4 young (4096K), 4 survivors (4096K)
 Metaspace       used 67821K, committed 68352K, reserved 1114112K
  class space    used 8537K, committed 8768K, reserved 1048576K
}
Event: 8.059 GC heap before
{Heap before GC invocations=35 (full 0):
 garbage-first heap   total reserved 2050048K, committed 102400K, used 92343K [0x0000000082e00000, 0x0000000100000000)
  region size 1024K, 42 young (43008K), 4 survivors (4096K)
 Metaspace       used 68105K, committed 68672K, reserved 1114112K
  class space    used 8552K, committed 8832K, reserved 1048576K
}
Event: 8.062 GC heap after
{Heap after GC invocations=36 (full 0):
 garbage-first heap   total reserved 2050048K, committed 133120K, used 55308K [0x0000000082e00000, 0x0000000100000000)
  region size 1024K, 4 young (4096K), 4 survivors (4096K)
 Metaspace       used 68105K, committed 68672K, reserved 1114112K
  class space    used 8552K, committed 8832K, reserved 1048576K
}
Event: 8.540 GC heap before
{Heap before GC invocations=37 (full 0):
 garbage-first heap   total reserved 2050048K, committed 133120K, used 120844K [0x0000000082e00000, 0x0000000100000000)
  region size 1024K, 68 young (69632K), 4 survivors (4096K)
 Metaspace       used 70883K, committed 71488K, reserved 1114112K
  class space    used 8918K, committed 9216K, reserved 1048576K
}
Event: 8.546 GC heap after
{Heap after GC invocations=38 (full 0):
 garbage-first heap   total reserved 2050048K, committed 133120K, used 60366K [0x0000000082e00000, 0x0000000100000000)
  region size 1024K, 9 young (9216K), 9 survivors (9216K)
 Metaspace       used 70883K, committed 71488K, reserved 1114112K
  class space    used 8918K, committed 9216K, reserved 1048576K
}
Event: 9.382 GC heap before
{Heap before GC invocations=38 (full 0):
 garbage-first heap   total reserved 2050048K, committed 133120K, used 115662K [0x0000000082e00000, 0x0000000100000000)
  region size 1024K, 63 young (64512K), 9 survivors (9216K)
 Metaspace       used 76762K, committed 77568K, reserved 1179648K
  class space    used 9629K, committed 10048K, reserved 1048576K
}
Event: 9.390 GC heap after
{Heap after GC invocations=39 (full 0):
 garbage-first heap   total reserved 2050048K, committed 133120K, used 62746K [0x0000000082e00000, 0x0000000100000000)
  region size 1024K, 4 young (4096K), 4 survivors (4096K)
 Metaspace       used 76762K, committed 77568K, reserved 1179648K
  class space    used 9629K, committed 10048K, reserved 1048576K
}

