# JRE version: OpenJDK Runtime Environment Temurin-21.0.7+6 (21.0.7+6) (build 21.0.7+6-LTS)
# Java VM: OpenJDK 64-Bit Server VM Temurin-21.0.7+6 (21.0.7+6-LTS, mixed mode, sharing, tiered, compressed oops, compressed class ptrs, parallel gc, windows-amd64)
GC Precious Log:
 CardTable entry size: 512
 CPUs: 12 total, 12 available
 Memory: 8003M
 Large Page Support: Disabled
 NUMA Support: Disabled
 Compressed Oops: Enabled (32-bit)
 Alignments: Space 512K, Generation 512K, Heap 2M
 Heap Min Capacity: 100M
 Heap Initial Capacity: 100M
 Heap Max Capacity: 1G
 Pre-touch: Disabled
 Parallel Workers: 10
Heap:
 PSYoungGen      total 7168K, used 2842K [0x00000000eab00000, 0x00000000eb380000, 0x0000000100000000)
  eden space 6656K, 35% used [0x00000000eab00000,0x00000000ead4c628,0x00000000eb180000)
  from space 512K, 95% used [0x00000000eb280000,0x00000000eb2fa400,0x00000000eb300000)
  to   space 1024K, 0% used [0x00000000eb180000,0x00000000eb180000,0x00000000eb280000)
 ParOldGen       total 443392K, used 126540K [0x00000000c0000000, 0x00000000db100000, 0x00000000eab00000)
  object space 443392K, 28% used [0x00000000c0000000,0x00000000c7b93230,0x00000000db100000)
 Metaspace       used 74959K, committed 76672K, reserved 1179648K
  class space    used 7258K, committed 8064K, reserved 1048576K
GC Heap History (20 events):
Event: 34.337 GC heap before
{Heap before GC invocations=1023 (full 4):
 PSYoungGen      total 7168K, used 7145K [0x00000000eab00000, 0x00000000eb380000, 0x0000000100000000)
  eden space 6656K, 100% used [0x00000000eab00000,0x00000000eb180000,0x00000000eb180000)
  from space 512K, 95% used [0x00000000eb280000,0x00000000eb2fa400,0x00000000eb300000)
  to   space 1024K, 0% used [0x00000000eb180000,0x00000000eb180000,0x00000000eb280000)
 ParOldGen       total 443392K, used 124843K [0x00000000c0000000, 0x00000000db100000, 0x00000000eab00000)
  object space 443392K, 28% used [0x00000000c0000000,0x00000000c79eaff8,0x00000000db100000)
 Metaspace       used 74899K, committed 76608K, reserved 1179648K
  class space    used 7258K, committed 8064K, reserved 1048576K
}
Event: 34.338 GC heap after
{Heap after GC invocations=1023 (full 4):
 PSYoungGen      total 7680K, used 713K [0x00000000eab00000, 0x00000000eb380000, 0x0000000100000000)
  eden space 6656K, 0% used [0x00000000eab00000,0x00000000eab00000,0x00000000eb180000)
  from space 1024K, 69% used [0x00000000eb180000,0x00000000eb232400,0x00000000eb280000)
  to   space 1024K, 0% used [0x00000000eb280000,0x00000000eb280000,0x00000000eb380000)
 ParOldGen       total 443392K, used 125276K [0x00000000c0000000, 0x00000000db100000, 0x00000000eab00000)
  object space 443392K, 28% used [0x00000000c0000000,0x00000000c7a573f8,0x00000000db100000)
 Metaspace       used 74899K, committed 76608K, reserved 1179648K
  class space    used 7258K, committed 8064K, reserved 1048576K
}
Event: 34.356 GC heap before
{Heap before GC invocations=1024 (full 4):
 PSYoungGen      total 7680K, used 7369K [0x00000000eab00000, 0x00000000eb380000, 0x0000000100000000)
  eden space 6656K, 100% used [0x00000000eab00000,0x00000000eb180000,0x00000000eb180000)
  from space 1024K, 69% used [0x00000000eb180000,0x00000000eb232400,0x00000000eb280000)
  to   space 1024K, 0% used [0x00000000eb280000,0x00000000eb280000,0x00000000eb380000)
 ParOldGen       total 443392K, used 125276K [0x00000000c0000000, 0x00000000db100000, 0x00000000eab00000)
  object space 443392K, 28% used [0x00000000c0000000,0x00000000c7a573f8,0x00000000db100000)
 Metaspace       used 74902K, committed 76608K, reserved 1179648K
  class space    used 7258K, committed 8064K, reserved 1048576K
}
Event: 34.356 GC heap after
{Heap after GC invocations=1024 (full 4):
 PSYoungGen      total 7168K, used 393K [0x00000000eab00000, 0x00000000eb300000, 0x0000000100000000)
  eden space 6656K, 0% used [0x00000000eab00000,0x00000000eab00000,0x00000000eb180000)
  from space 512K, 76% used [0x00000000eb280000,0x00000000eb2e2400,0x00000000eb300000)
  to   space 512K, 0% used [0x00000000eb200000,0x00000000eb200000,0x00000000eb280000)
 ParOldGen       total 443392K, used 125420K [0x00000000c0000000, 0x00000000db100000, 0x00000000eab00000)
  object space 443392K, 28% used [0x00000000c0000000,0x00000000c7a7b3f8,0x00000000db100000)
 Metaspace       used 74902K, committed 76608K, reserved 1179648K
  class space    used 7258K, committed 8064K, reserved 1048576K
}
Event: 34.374 GC heap before
{Heap before GC invocations=1025 (full 4):
 PSYoungGen      total 7168K, used 7049K [0x00000000eab00000, 0x00000000eb300000, 0x0000000100000000)
  eden space 6656K, 100% used [0x00000000eab00000,0x00000000eb180000,0x00000000eb180000)
  from space 512K, 76% used [0x00000000eb280000,0x00000000eb2e2400,0x00000000eb300000)
  to   space 512K, 0% used [0x00000000eb200000,0x00000000eb200000,0x00000000eb280000)
 ParOldGen       total 443392K, used 125420K [0x00000000c0000000, 0x00000000db100000, 0x00000000eab00000)
  object space 443392K, 28% used [0x00000000c0000000,0x00000000c7a7b3f8,0x00000000db100000)
 Metaspace       used 74905K, committed 76608K, reserved 1179648K
  class space    used 7258K, committed 8064K, reserved 1048576K
}
Event: 34.374 GC heap after
{Heap after GC invocations=1025 (full 4):
 PSYoungGen      total 7168K, used 489K [0x00000000eab00000, 0x00000000eb380000, 0x0000000100000000)
  eden space 6656K, 0% used [0x00000000eab00000,0x00000000eab00000,0x00000000eb180000)
  from space 512K, 95% used [0x00000000eb200000,0x00000000eb27a400,0x00000000eb280000)
  to   space 1024K, 0% used [0x00000000eb280000,0x00000000eb280000,0x00000000eb380000)
 ParOldGen       total 443392K, used 125505K [0x00000000c0000000, 0x00000000db100000, 0x00000000eab00000)
  object space 443392K, 28% used [0x00000000c0000000,0x00000000c7a90678,0x00000000db100000)
 Metaspace       used 74905K, committed 76608K, reserved 1179648K
  class space    used 7258K, committed 8064K, reserved 1048576K
}
Event: 34.403 GC heap before
{Heap before GC invocations=1026 (full 4):
 PSYoungGen      total 7168K, used 7145K [0x00000000eab00000, 0x00000000eb380000, 0x0000000100000000)
  eden space 6656K, 100% used [0x00000000eab00000,0x00000000eb180000,0x00000000eb180000)
  from space 512K, 95% used [0x00000000eb200000,0x00000000eb27a400,0x00000000eb280000)
  to   space 1024K, 0% used [0x00000000eb280000,0x00000000eb280000,0x00000000eb380000)
 ParOldGen       total 443392K, used 125505K [0x00000000c0000000, 0x00000000db100000, 0x00000000eab00000)
  object space 443392K, 28% used [0x00000000c0000000,0x00000000c7a90678,0x00000000db100000)
 Metaspace       used 74905K, committed 76608K, reserved 1179648K
  class space    used 7258K, committed 8064K, reserved 1048576K
}
Event: 34.404 GC heap after
{Heap after GC invocations=1026 (full 4):
 PSYoungGen      total 7680K, used 617K [0x00000000eab00000, 0x00000000eb380000, 0x0000000100000000)
  eden space 6656K, 0% used [0x00000000eab00000,0x00000000eab00000,0x00000000eb180000)
  from space 1024K, 60% used [0x00000000eb280000,0x00000000eb31a400,0x00000000eb380000)
  to   space 1024K, 0% used [0x00000000eb180000,0x00000000eb180000,0x00000000eb280000)
 ParOldGen       total 443392K, used 125986K [0x00000000c0000000, 0x00000000db100000, 0x00000000eab00000)
  object space 443392K, 28% used [0x00000000c0000000,0x00000000c7b08a88,0x00000000db100000)
 Metaspace       used 74905K, committed 76608K, reserved 1179648K
  class space    used 7258K, committed 8064K, reserved 1048576K
}
Event: 34.718 GC heap before
{Heap before GC invocations=1027 (full 4):
 PSYoungGen      total 7680K, used 7273K [0x00000000eab00000, 0x00000000eb380000, 0x0000000100000000)
  eden space 6656K, 100% used [0x00000000eab00000,0x00000000eb180000,0x00000000eb180000)
  from space 1024K, 60% used [0x00000000eb280000,0x00000000eb31a400,0x00000000eb380000)
  to   space 1024K, 0% used [0x00000000eb180000,0x00000000eb180000,0x00000000eb280000)
 ParOldGen       total 443392K, used 125986K [0x00000000c0000000, 0x00000000db100000, 0x00000000eab00000)
  object space 443392K, 28% used [0x00000000c0000000,0x00000000c7b08a88,0x00000000db100000)
 Metaspace       used 74953K, committed 76672K, reserved 1179648K
  class space    used 7258K, committed 8064K, reserved 1048576K
}
Event: 34.719 GC heap after
{Heap after GC invocations=1027 (full 4):
 PSYoungGen      total 7680K, used 361K [0x00000000eab00000, 0x00000000eb300000, 0x0000000100000000)
  eden space 6656K, 0% used [0x00000000eab00000,0x00000000eab00000,0x00000000eb180000)
  from space 1024K, 35% used [0x00000000eb180000,0x00000000eb1da400,0x00000000eb280000)
  to   space 512K, 0% used [0x00000000eb280000,0x00000000eb280000,0x00000000eb300000)
 ParOldGen       total 443392K, used 126058K [0x00000000c0000000, 0x00000000db100000, 0x00000000eab00000)
  object space 443392K, 28% used [0x00000000c0000000,0x00000000c7b1aa88,0x00000000db100000)
 Metaspace       used 74953K, committed 76672K, reserved 1179648K
  class space    used 7258K, committed 8064K, reserved 1048576K
}
Event: 34.780 GC heap before
{Heap before GC invocations=1028 (full 4):
 PSYoungGen      total 7680K, used 7017K [0x00000000eab00000, 0x00000000eb300000, 0x0000000100000000)
  eden space 6656K, 100% used [0x00000000eab00000,0x00000000eb180000,0x00000000eb180000)
  from space 1024K, 35% used [0x00000000eb180000,0x00000000eb1da400,0x00000000eb280000)
  to   space 512K, 0% used [0x00000000eb280000,0x00000000eb280000,0x00000000eb300000)
 ParOldGen       total 443392K, used 126058K [0x00000000c0000000, 0x00000000db100000, 0x00000000eab00000)
  object space 443392K, 28% used [0x00000000c0000000,0x00000000c7b1aa88,0x00000000db100000)
 Metaspace       used 74953K, committed 76672K, reserved 1179648K
  class space    used 7258K, committed 8064K, reserved 1048576K
}
Event: 34.784 GC heap after
{Heap after GC invocations=1028 (full 4):
 PSYoungGen      total 7168K, used 506K [0x00000000eab00000, 0x00000000eb380000, 0x0000000100000000)
  eden space 6656K, 0% used [0x00000000eab00000,0x00000000eab00000,0x00000000eb180000)
  from space 512K, 98% used [0x00000000eb280000,0x00000000eb2fea28,0x00000000eb300000)
  to   space 1024K, 0% used [0x00000000eb180000,0x00000000eb180000,0x00000000eb280000)
 ParOldGen       total 443392K, used 126146K [0x00000000c0000000, 0x00000000db100000, 0x00000000eab00000)
  object space 443392K, 28% used [0x00000000c0000000,0x00000000c7b30a88,0x00000000db100000)
 Metaspace       used 74953K, committed 76672K, reserved 1179648K
  class space    used 7258K, committed 8064K, reserved 1048576K
}
Event: 34.836 GC heap before
{Heap before GC invocations=1029 (full 4):
 PSYoungGen      total 7168K, used 7162K [0x00000000eab00000, 0x00000000eb380000, 0x0000000100000000)
  eden space 6656K, 100% used [0x00000000eab00000,0x00000000eb180000,0x00000000eb180000)
  from space 512K, 98% used [0x00000000eb280000,0x00000000eb2fea28,0x00000000eb300000)
  to   space 1024K, 0% used [0x00000000eb180000,0x00000000eb180000,0x00000000eb280000)
 ParOldGen       total 443392K, used 126146K [0x00000000c0000000, 0x00000000db100000, 0x00000000eab00000)
  object space 443392K, 28% used [0x00000000c0000000,0x00000000c7b30a88,0x00000000db100000)
 Metaspace       used 74953K, committed 76672K, reserved 1179648K
  class space    used 7258K, committed 8064K, reserved 1048576K
}
Event: 34.837 GC heap after
{Heap after GC invocations=1029 (full 4):
 PSYoungGen      total 7680K, used 445K [0x00000000eab00000, 0x00000000eb300000, 0x0000000100000000)
  eden space 6656K, 0% used [0x00000000eab00000,0x00000000eab00000,0x00000000eb180000)
  from space 1024K, 43% used [0x00000000eb180000,0x00000000eb1ef5f0,0x00000000eb280000)
  to   space 512K, 0% used [0x00000000eb280000,0x00000000eb280000,0x00000000eb300000)
 ParOldGen       total 443392K, used 126412K [0x00000000c0000000, 0x00000000db100000, 0x00000000eab00000)
  object space 443392K, 28% used [0x00000000c0000000,0x00000000c7b73368,0x00000000db100000)
 Metaspace       used 74953K, committed 76672K, reserved 1179648K
  class space    used 7258K, committed 8064K, reserved 1048576K
}
Event: 34.902 GC heap before
{Heap before GC invocations=1030 (full 4):
 PSYoungGen      total 7680K, used 7101K [0x00000000eab00000, 0x00000000eb300000, 0x0000000100000000)
  eden space 6656K, 100% used [0x00000000eab00000,0x00000000eb180000,0x00000000eb180000)
  from space 1024K, 43% used [0x00000000eb180000,0x00000000eb1ef5f0,0x00000000eb280000)
  to   space 512K, 0% used [0x00000000eb280000,0x00000000eb280000,0x00000000eb300000)
 ParOldGen       total 443392K, used 126412K [0x00000000c0000000, 0x00000000db100000, 0x00000000eab00000)
  object space 443392K, 28% used [0x00000000c0000000,0x00000000c7b73368,0x00000000db100000)
 Metaspace       used 74953K, committed 76672K, reserved 1179648K
  class space    used 7258K, committed 8064K, reserved 1048576K
}
Event: 34.904 GC heap after
{Heap after GC invocations=1030 (full 4):
 PSYoungGen      total 7168K, used 489K [0x00000000eab00000, 0x00000000eb380000, 0x0000000100000000)
  eden space 6656K, 0% used [0x00000000eab00000,0x00000000eab00000,0x00000000eb180000)
  from space 512K, 95% used [0x00000000eb280000,0x00000000eb2fa400,0x00000000eb300000)
  to   space 1024K, 0% used [0x00000000eb180000,0x00000000eb180000,0x00000000eb280000)
 ParOldGen       total 443392K, used 126444K [0x00000000c0000000, 0x00000000db100000, 0x00000000eab00000)
  object space 443392K, 28% used [0x00000000c0000000,0x00000000c7b7b368,0x00000000db100000)
 Metaspace       used 74953K, committed 76672K, reserved 1179648K
  class space    used 7258K, committed 8064K, reserved 1048576K
}
Event: 34.941 GC heap before
{Heap before GC invocations=1031 (full 4):
 PSYoungGen      total 7168K, used 7128K [0x00000000eab00000, 0x00000000eb380000, 0x0000000100000000)
  eden space 6656K, 99% used [0x00000000eab00000,0x00000000eb17be08,0x00000000eb180000)
  from space 512K, 95% used [0x00000000eb280000,0x00000000eb2fa400,0x00000000eb300000)
  to   space 1024K, 0% used [0x00000000eb180000,0x00000000eb180000,0x00000000eb280000)
 ParOldGen       total 443392K, used 126444K [0x00000000c0000000, 0x00000000db100000, 0x00000000eab00000)
  object space 443392K, 28% used [0x00000000c0000000,0x00000000c7b7b368,0x00000000db100000)
 Metaspace       used 74954K, committed 76672K, reserved 1179648K
  class space    used 7258K, committed 8064K, reserved 1048576K
}
Event: 34.941 GC heap after
{Heap after GC invocations=1031 (full 4):
 PSYoungGen      total 7680K, used 244K [0x00000000eab00000, 0x00000000eb300000, 0x0000000100000000)
  eden space 6656K, 0% used [0x00000000eab00000,0x00000000eab00000,0x00000000eb180000)
  from space 1024K, 23% used [0x00000000eb180000,0x00000000eb1bd200,0x00000000eb280000)
  to   space 512K, 0% used [0x00000000eb280000,0x00000000eb280000,0x00000000eb300000)
 ParOldGen       total 443392K, used 126516K [0x00000000c0000000, 0x00000000db100000, 0x00000000eab00000)
  object space 443392K, 28% used [0x00000000c0000000,0x00000000c7b8d230,0x00000000db100000)
 Metaspace       used 74954K, committed 76672K, reserved 1179648K
  class space    used 7258K, committed 8064K, reserved 1048576K
}
Event: 34.977 GC heap before
{Heap before GC invocations=1032 (full 4):
 PSYoungGen      total 7680K, used 6900K [0x00000000eab00000, 0x00000000eb300000, 0x0000000100000000)
  eden space 6656K, 100% used [0x00000000eab00000,0x00000000eb180000,0x00000000eb180000)
  from space 1024K, 23% used [0x00000000eb180000,0x00000000eb1bd200,0x00000000eb280000)
  to   space 512K, 0% used [0x00000000eb280000,0x00000000eb280000,0x00000000eb300000)
 ParOldGen       total 443392K, used 126516K [0x00000000c0000000, 0x00000000db100000, 0x00000000eab00000)
  object space 443392K, 28% used [0x00000000c0000000,0x00000000c7b8d230,0x00000000db100000)
 Metaspace       used 74957K, committed 76672K, reserved 1179648K
  class space    used 7258K, committed 8064K, reserved 1048576K
}
Event: 34.979 GC heap after
{Heap after GC invocations=1032 (full 4):
 PSYoungGen      total 7168K, used 489K [0x00000000eab00000, 0x00000000eb380000, 0x0000000100000000)
  eden space 6656K, 0% used [0x00000000eab00000,0x00000000eab00000,0x00000000eb180000)
  from space 512K, 95% used [0x00000000eb280000,0x00000000eb2fa400,0x00000000eb300000)
  to   space 1024K, 0% used [0x00000000eb180000,0x00000000eb180000,0x00000000eb280000)
 ParOldGen       total 443392K, used 126540K [0x00000000c0000000, 0x00000000db100000, 0x00000000eab00000)
  object space 443392K, 28% used [0x00000000c0000000,0x00000000c7b93230,0x00000000db100000)
 Metaspace       used 74957K, committed 76672K, reserved 1179648K
  class space    used 7258K, committed 8064K, reserved 1048576K
}

