# JRE version: OpenJDK Runtime Environment Temurin-21.0.7+6 (21.0.7+6) (build 21.0.7+6-LTS)
# Java VM: OpenJDK 64-Bit Server VM Temurin-21.0.7+6 (21.0.7+6-LTS, mixed mode, sharing, tiered, compressed oops, compressed class ptrs, parallel gc, windows-amd64)
GC Precious Log:
 CardTable entry size: 512
 CPUs: 12 total, 12 available
 Memory: 8003M
 Large Page Support: Disabled
 NUMA Support: Disabled
 Compressed Oops: Enabled (32-bit)
 Alignments: Space 512K, Generation 512K, Heap 2M
 Heap Min Capacity: 100M
 Heap Initial Capacity: 100M
 Heap Max Capacity: 1G
 Pre-touch: Disabled
 Parallel Workers: 10
Heap:
 PSYoungGen      total 17408K, used 15224K [0x00000000eab00000, 0x00000000ec080000, 0x0000000100000000)
  eden space 15360K, 86% used [0x00000000eab00000,0x00000000eb800a60,0x00000000eba00000)
  from space 2048K, 93% used [0x00000000ebe00000,0x00000000ebfdd820,0x00000000ec000000)
  to   space 512K, 0% used [0x00000000ec000000,0x00000000ec000000,0x00000000ec080000)
 ParOldGen       total 97792K, used 97558K [0x00000000c0000000, 0x00000000c5f80000, 0x00000000eab00000)
  object space 97792K, 99% used [0x00000000c0000000,0x00000000c5f45970,0x00000000c5f80000)
 Metaspace       used 56603K, committed 58048K, reserved 1114112K
  class space    used 5827K, committed 6464K, reserved 1048576K
GC Heap History (20 events):
Event: 12.586 GC heap before
{Heap before GC invocations=51 (full 2):
 PSYoungGen      total 17920K, used 17848K [0x00000000eab00000, 0x00000000ec080000, 0x0000000100000000)
  eden space 15360K, 100% used [0x00000000eab00000,0x00000000eba00000,0x00000000eba00000)
  from space 2560K, 97% used [0x00000000ebe00000,0x00000000ec06e140,0x00000000ec080000)
  to   space 3072K, 0% used [0x00000000eba80000,0x00000000eba80000,0x00000000ebd80000)
 ParOldGen       total 81408K, used 81230K [0x00000000c0000000, 0x00000000c4f80000, 0x00000000eab00000)
  object space 81408K, 99% used [0x00000000c0000000,0x00000000c4f53a70,0x00000000c4f80000)
 Metaspace       used 55155K, committed 56512K, reserved 1114112K
  class space    used 5737K, committed 6336K, reserved 1048576K
}
Event: 12.589 GC heap after
{Heap after GC invocations=51 (full 2):
 PSYoungGen      total 17408K, used 1662K [0x00000000eab00000, 0x00000000ebe80000, 0x0000000100000000)
  eden space 15360K, 0% used [0x00000000eab00000,0x00000000eab00000,0x00000000eba00000)
  from space 2048K, 81% used [0x00000000eba80000,0x00000000ebc1f9d8,0x00000000ebc80000)
  to   space 2048K, 0% used [0x00000000ebc80000,0x00000000ebc80000,0x00000000ebe80000)
 ParOldGen       total 82944K, used 82697K [0x00000000c0000000, 0x00000000c5100000, 0x00000000eab00000)
  object space 82944K, 99% used [0x00000000c0000000,0x00000000c50c26d0,0x00000000c5100000)
 Metaspace       used 55155K, committed 56512K, reserved 1114112K
  class space    used 5737K, committed 6336K, reserved 1048576K
}
Event: 12.624 GC heap before
{Heap before GC invocations=52 (full 2):
 PSYoungGen      total 17408K, used 17022K [0x00000000eab00000, 0x00000000ebe80000, 0x0000000100000000)
  eden space 15360K, 100% used [0x00000000eab00000,0x00000000eba00000,0x00000000eba00000)
  from space 2048K, 81% used [0x00000000eba80000,0x00000000ebc1f9d8,0x00000000ebc80000)
  to   space 2048K, 0% used [0x00000000ebc80000,0x00000000ebc80000,0x00000000ebe80000)
 ParOldGen       total 82944K, used 82697K [0x00000000c0000000, 0x00000000c5100000, 0x00000000eab00000)
  object space 82944K, 99% used [0x00000000c0000000,0x00000000c50c26d0,0x00000000c5100000)
 Metaspace       used 55159K, committed 56512K, reserved 1114112K
  class space    used 5737K, committed 6336K, reserved 1048576K
}
Event: 12.626 GC heap after
{Heap after GC invocations=52 (full 2):
 PSYoungGen      total 16896K, used 1526K [0x00000000eab00000, 0x00000000ebe00000, 0x0000000100000000)
  eden space 15360K, 0% used [0x00000000eab00000,0x00000000eab00000,0x00000000eba00000)
  from space 1536K, 99% used [0x00000000ebc80000,0x00000000ebdfd800,0x00000000ebe00000)
  to   space 2048K, 0% used [0x00000000eba00000,0x00000000eba00000,0x00000000ebc00000)
 ParOldGen       total 83456K, used 83327K [0x00000000c0000000, 0x00000000c5180000, 0x00000000eab00000)
  object space 83456K, 99% used [0x00000000c0000000,0x00000000c515fed8,0x00000000c5180000)
 Metaspace       used 55159K, committed 56512K, reserved 1114112K
  class space    used 5737K, committed 6336K, reserved 1048576K
}
Event: 12.669 GC heap before
{Heap before GC invocations=53 (full 2):
 PSYoungGen      total 16896K, used 16886K [0x00000000eab00000, 0x00000000ebe00000, 0x0000000100000000)
  eden space 15360K, 100% used [0x00000000eab00000,0x00000000eba00000,0x00000000eba00000)
  from space 1536K, 99% used [0x00000000ebc80000,0x00000000ebdfd800,0x00000000ebe00000)
  to   space 2048K, 0% used [0x00000000eba00000,0x00000000eba00000,0x00000000ebc00000)
 ParOldGen       total 83456K, used 83327K [0x00000000c0000000, 0x00000000c5180000, 0x00000000eab00000)
  object space 83456K, 99% used [0x00000000c0000000,0x00000000c515fed8,0x00000000c5180000)
 Metaspace       used 55329K, committed 56640K, reserved 1114112K
  class space    used 5739K, committed 6336K, reserved 1048576K
}
Event: 12.671 GC heap after
{Heap after GC invocations=53 (full 2):
 PSYoungGen      total 16384K, used 812K [0x00000000eab00000, 0x00000000ebd00000, 0x0000000100000000)
  eden space 15360K, 0% used [0x00000000eab00000,0x00000000eab00000,0x00000000eba00000)
  from space 1024K, 79% used [0x00000000eba00000,0x00000000ebacb008,0x00000000ebb00000)
  to   space 1536K, 0% used [0x00000000ebb80000,0x00000000ebb80000,0x00000000ebd00000)
 ParOldGen       total 83968K, used 83967K [0x00000000c0000000, 0x00000000c5200000, 0x00000000eab00000)
  object space 83968K, 99% used [0x00000000c0000000,0x00000000c51ffed8,0x00000000c5200000)
 Metaspace       used 55329K, committed 56640K, reserved 1114112K
  class space    used 5739K, committed 6336K, reserved 1048576K
}
Event: 12.755 GC heap before
{Heap before GC invocations=54 (full 2):
 PSYoungGen      total 16384K, used 16171K [0x00000000eab00000, 0x00000000ebd00000, 0x0000000100000000)
  eden space 15360K, 99% used [0x00000000eab00000,0x00000000eb9ffc08,0x00000000eba00000)
  from space 1024K, 79% used [0x00000000eba00000,0x00000000ebacb008,0x00000000ebb00000)
  to   space 1536K, 0% used [0x00000000ebb80000,0x00000000ebb80000,0x00000000ebd00000)
 ParOldGen       total 83968K, used 83967K [0x00000000c0000000, 0x00000000c5200000, 0x00000000eab00000)
  object space 83968K, 99% used [0x00000000c0000000,0x00000000c51ffed8,0x00000000c5200000)
 Metaspace       used 56160K, committed 57472K, reserved 1114112K
  class space    used 5820K, committed 6400K, reserved 1048576K
}
Event: 12.757 GC heap after
{Heap after GC invocations=54 (full 2):
 PSYoungGen      total 16896K, used 1376K [0x00000000eab00000, 0x00000000ebd00000, 0x0000000100000000)
  eden space 15360K, 0% used [0x00000000eab00000,0x00000000eab00000,0x00000000eba00000)
  from space 1536K, 89% used [0x00000000ebb80000,0x00000000ebcd8000,0x00000000ebd00000)
  to   space 1536K, 0% used [0x00000000eba00000,0x00000000eba00000,0x00000000ebb80000)
 ParOldGen       total 84992K, used 84603K [0x00000000c0000000, 0x00000000c5300000, 0x00000000eab00000)
  object space 84992K, 99% used [0x00000000c0000000,0x00000000c529eee0,0x00000000c5300000)
 Metaspace       used 56160K, committed 57472K, reserved 1114112K
  class space    used 5820K, committed 6400K, reserved 1048576K
}
Event: 13.857 GC heap before
{Heap before GC invocations=55 (full 2):
 PSYoungGen      total 16896K, used 16736K [0x00000000eab00000, 0x00000000ebd00000, 0x0000000100000000)
  eden space 15360K, 100% used [0x00000000eab00000,0x00000000eba00000,0x00000000eba00000)
  from space 1536K, 89% used [0x00000000ebb80000,0x00000000ebcd8000,0x00000000ebd00000)
  to   space 1536K, 0% used [0x00000000eba00000,0x00000000eba00000,0x00000000ebb80000)
 ParOldGen       total 84992K, used 84603K [0x00000000c0000000, 0x00000000c5300000, 0x00000000eab00000)
  object space 84992K, 99% used [0x00000000c0000000,0x00000000c529eee0,0x00000000c5300000)
 Metaspace       used 56244K, committed 57536K, reserved 1114112K
  class space    used 5821K, committed 6400K, reserved 1048576K
}
Event: 13.860 GC heap after
{Heap after GC invocations=55 (full 2):
 PSYoungGen      total 16896K, used 1512K [0x00000000eab00000, 0x00000000ec100000, 0x0000000100000000)
  eden space 15360K, 0% used [0x00000000eab00000,0x00000000eab00000,0x00000000eba00000)
  from space 1536K, 98% used [0x00000000eba00000,0x00000000ebb7a280,0x00000000ebb80000)
  to   space 3584K, 0% used [0x00000000ebd80000,0x00000000ebd80000,0x00000000ec100000)
 ParOldGen       total 86528K, used 86193K [0x00000000c0000000, 0x00000000c5480000, 0x00000000eab00000)
  object space 86528K, 99% used [0x00000000c0000000,0x00000000c542c4f0,0x00000000c5480000)
 Metaspace       used 56244K, committed 57536K, reserved 1114112K
  class space    used 5821K, committed 6400K, reserved 1048576K
}
Event: 13.984 GC heap before
{Heap before GC invocations=56 (full 2):
 PSYoungGen      total 16896K, used 16872K [0x00000000eab00000, 0x00000000ec100000, 0x0000000100000000)
  eden space 15360K, 100% used [0x00000000eab00000,0x00000000eba00000,0x00000000eba00000)
  from space 1536K, 98% used [0x00000000eba00000,0x00000000ebb7a280,0x00000000ebb80000)
  to   space 3584K, 0% used [0x00000000ebd80000,0x00000000ebd80000,0x00000000ec100000)
 ParOldGen       total 86528K, used 86193K [0x00000000c0000000, 0x00000000c5480000, 0x00000000eab00000)
  object space 86528K, 99% used [0x00000000c0000000,0x00000000c542c4f0,0x00000000c5480000)
 Metaspace       used 56289K, committed 57600K, reserved 1114112K
  class space    used 5821K, committed 6400K, reserved 1048576K
}
Event: 13.987 GC heap after
{Heap after GC invocations=56 (full 2):
 PSYoungGen      total 17920K, used 2387K [0x00000000eab00000, 0x00000000ec000000, 0x0000000100000000)
  eden space 15360K, 0% used [0x00000000eab00000,0x00000000eab00000,0x00000000eba00000)
  from space 2560K, 93% used [0x00000000ebd80000,0x00000000ebfd4f50,0x00000000ec000000)
  to   space 3072K, 0% used [0x00000000eba00000,0x00000000eba00000,0x00000000ebd00000)
 ParOldGen       total 88064K, used 87658K [0x00000000c0000000, 0x00000000c5600000, 0x00000000eab00000)
  object space 88064K, 99% used [0x00000000c0000000,0x00000000c559abf8,0x00000000c5600000)
 Metaspace       used 56289K, committed 57600K, reserved 1114112K
  class space    used 5821K, committed 6400K, reserved 1048576K
}
Event: 14.051 GC heap before
{Heap before GC invocations=57 (full 2):
 PSYoungGen      total 17920K, used 17741K [0x00000000eab00000, 0x00000000ec000000, 0x0000000100000000)
  eden space 15360K, 99% used [0x00000000eab00000,0x00000000eb9fe4b0,0x00000000eba00000)
  from space 2560K, 93% used [0x00000000ebd80000,0x00000000ebfd4f50,0x00000000ec000000)
  to   space 3072K, 0% used [0x00000000eba00000,0x00000000eba00000,0x00000000ebd00000)
 ParOldGen       total 88064K, used 87658K [0x00000000c0000000, 0x00000000c5600000, 0x00000000eab00000)
  object space 88064K, 99% used [0x00000000c0000000,0x00000000c559abf8,0x00000000c5600000)
 Metaspace       used 56333K, committed 57664K, reserved 1114112K
  class space    used 5821K, committed 6464K, reserved 1048576K
}
Event: 14.053 GC heap after
{Heap after GC invocations=57 (full 2):
 PSYoungGen      total 17920K, used 2176K [0x00000000eab00000, 0x00000000ebf00000, 0x0000000100000000)
  eden space 15360K, 0% used [0x00000000eab00000,0x00000000eab00000,0x00000000eba00000)
  from space 2560K, 85% used [0x00000000eba00000,0x00000000ebc20000,0x00000000ebc80000)
  to   space 2560K, 0% used [0x00000000ebc80000,0x00000000ebc80000,0x00000000ebf00000)
 ParOldGen       total 90112K, used 89767K [0x00000000c0000000, 0x00000000c5800000, 0x00000000eab00000)
  object space 90112K, 99% used [0x00000000c0000000,0x00000000c57a9ef0,0x00000000c5800000)
 Metaspace       used 56333K, committed 57664K, reserved 1114112K
  class space    used 5821K, committed 6464K, reserved 1048576K
}
Event: 14.120 GC heap before
{Heap before GC invocations=58 (full 2):
 PSYoungGen      total 17920K, used 17536K [0x00000000eab00000, 0x00000000ebf00000, 0x0000000100000000)
  eden space 15360K, 100% used [0x00000000eab00000,0x00000000eba00000,0x00000000eba00000)
  from space 2560K, 85% used [0x00000000eba00000,0x00000000ebc20000,0x00000000ebc80000)
  to   space 2560K, 0% used [0x00000000ebc80000,0x00000000ebc80000,0x00000000ebf00000)
 ParOldGen       total 90112K, used 89767K [0x00000000c0000000, 0x00000000c5800000, 0x00000000eab00000)
  object space 90112K, 99% used [0x00000000c0000000,0x00000000c57a9ef0,0x00000000c5800000)
 Metaspace       used 56379K, committed 57728K, reserved 1114112K
  class space    used 5821K, committed 6464K, reserved 1048576K
}
Event: 14.123 GC heap after
{Heap after GC invocations=58 (full 2):
 PSYoungGen      total 17920K, used 2144K [0x00000000eab00000, 0x00000000ebf00000, 0x0000000100000000)
  eden space 15360K, 0% used [0x00000000eab00000,0x00000000eab00000,0x00000000eba00000)
  from space 2560K, 83% used [0x00000000ebc80000,0x00000000ebe98000,0x00000000ebf00000)
  to   space 2560K, 0% used [0x00000000eba00000,0x00000000eba00000,0x00000000ebc80000)
 ParOldGen       total 92160K, used 91756K [0x00000000c0000000, 0x00000000c5a00000, 0x00000000eab00000)
  object space 92160K, 99% used [0x00000000c0000000,0x00000000c599b120,0x00000000c5a00000)
 Metaspace       used 56379K, committed 57728K, reserved 1114112K
  class space    used 5821K, committed 6464K, reserved 1048576K
}
Event: 14.214 GC heap before
{Heap before GC invocations=59 (full 2):
 PSYoungGen      total 17920K, used 17500K [0x00000000eab00000, 0x00000000ebf00000, 0x0000000100000000)
  eden space 15360K, 99% used [0x00000000eab00000,0x00000000eb9ff0e8,0x00000000eba00000)
  from space 2560K, 83% used [0x00000000ebc80000,0x00000000ebe98000,0x00000000ebf00000)
  to   space 2560K, 0% used [0x00000000eba00000,0x00000000eba00000,0x00000000ebc80000)
 ParOldGen       total 92160K, used 91756K [0x00000000c0000000, 0x00000000c5a00000, 0x00000000eab00000)
  object space 92160K, 99% used [0x00000000c0000000,0x00000000c599b120,0x00000000c5a00000)
 Metaspace       used 56446K, committed 57792K, reserved 1114112K
  class space    used 5823K, committed 6464K, reserved 1048576K
}
Event: 15.231 GC heap after
{Heap after GC invocations=59 (full 2):
 PSYoungGen      total 17920K, used 2352K [0x00000000eab00000, 0x00000000ec280000, 0x0000000100000000)
  eden space 15360K, 0% used [0x00000000eab00000,0x00000000eab00000,0x00000000eba00000)
  from space 2560K, 91% used [0x00000000eba00000,0x00000000ebc4c008,0x00000000ebc80000)
  to   space 2560K, 0% used [0x00000000ec000000,0x00000000ec000000,0x00000000ec280000)
 ParOldGen       total 94208K, used 93709K [0x00000000c0000000, 0x00000000c5c00000, 0x00000000eab00000)
  object space 94208K, 99% used [0x00000000c0000000,0x00000000c5b83580,0x00000000c5c00000)
 Metaspace       used 56446K, committed 57792K, reserved 1114112K
  class space    used 5823K, committed 6464K, reserved 1048576K
}
Event: 15.298 GC heap before
{Heap before GC invocations=60 (full 2):
 PSYoungGen      total 17920K, used 17712K [0x00000000eab00000, 0x00000000ec280000, 0x0000000100000000)
  eden space 15360K, 100% used [0x00000000eab00000,0x00000000eba00000,0x00000000eba00000)
  from space 2560K, 91% used [0x00000000eba00000,0x00000000ebc4c008,0x00000000ebc80000)
  to   space 2560K, 0% used [0x00000000ec000000,0x00000000ec000000,0x00000000ec280000)
 ParOldGen       total 94208K, used 93709K [0x00000000c0000000, 0x00000000c5c00000, 0x00000000eab00000)
  object space 94208K, 99% used [0x00000000c0000000,0x00000000c5b83580,0x00000000c5c00000)
 Metaspace       used 56509K, committed 57856K, reserved 1114112K
  class space    used 5826K, committed 6464K, reserved 1048576K
}
Event: 15.301 GC heap after
{Heap after GC invocations=60 (full 2):
 PSYoungGen      total 17408K, used 1760K [0x00000000eab00000, 0x00000000ec200000, 0x0000000100000000)
  eden space 15360K, 0% used [0x00000000eab00000,0x00000000eab00000,0x00000000eba00000)
  from space 2048K, 85% used [0x00000000ec000000,0x00000000ec1b8000,0x00000000ec200000)
  to   space 2048K, 0% used [0x00000000ebe00000,0x00000000ebe00000,0x00000000ec000000)
 ParOldGen       total 96256K, used 95941K [0x00000000c0000000, 0x00000000c5e00000, 0x00000000eab00000)
  object space 96256K, 99% used [0x00000000c0000000,0x00000000c5db1718,0x00000000c5e00000)
 Metaspace       used 56509K, committed 57856K, reserved 1114112K
  class space    used 5826K, committed 6464K, reserved 1048576K
}

