# JRE version: Java(TM) SE Runtime Environment (21.0.2+13) (build 21.0.2+13-LTS-58)
# Java VM: Java HotSpot(TM) 64-Bit Server VM (21.0.2+13-LTS-58, mixed mode, sharing, tiered, compressed oops, compressed class ptrs, g1 gc, windows-amd64)
GC Precious Log:
 CardTable entry size: 512
 Card Set container configuration: InlinePtr #cards 5 size 8 Array Of Cards #cards 12 size 40 Howl #buckets 4 coarsen threshold 1843 Howl Bitmap #cards 512 size 80 coarsen threshold 460 Card regions per heap region 1 cards per card region 2048
 CPUs: 12 total, 12 available
 Memory: 8003M
 Large Page Support: Disabled
 NUMA Support: Disabled
 Compressed Oops: Enabled (32-bit)
 Heap Region Size: 1M
 Heap Min Capacity: 8M
 Heap Initial Capacity: 126M
 Heap Max Capacity: 2002M
 Pre-touch: Disabled
 Parallel Workers: 10
 Concurrent Workers: 3
 Concurrent Refinement Workers: 10
 Periodic GC: Disabled
Heap:
 garbage-first heap   total 84992K, used 37159K [0x0000000082e00000, 0x0000000100000000)
  region size 1024K, 8 young (8192K), 4 survivors (4096K)
 Metaspace       used 54309K, committed 54784K, reserved 1114112K
  class space    used 6951K, committed 7168K, reserved 1048576K
GC Heap History (20 events):
Event: 1.918 GC heap before
{Heap before GC invocations=4 (full 0):
 garbage-first heap   total 58368K, used 43394K [0x0000000082e00000, 0x0000000100000000)
  region size 1024K, 34 young (34816K), 7 survivors (7168K)
 Metaspace       used 24023K, committed 24256K, reserved 1114112K
  class space    used 2850K, committed 2944K, reserved 1048576K
}
Event: 1.929 GC heap after
{Heap after GC invocations=5 (full 0):
 garbage-first heap   total 58368K, used 18407K [0x0000000082e00000, 0x0000000100000000)
  region size 1024K, 3 young (3072K), 3 survivors (3072K)
 Metaspace       used 24023K, committed 24256K, reserved 1114112K
  class space    used 2850K, committed 2944K, reserved 1048576K
}
Event: 2.363 GC heap before
{Heap before GC invocations=5 (full 0):
 garbage-first heap   total 58368K, used 44007K [0x0000000082e00000, 0x0000000100000000)
  region size 1024K, 28 young (28672K), 3 survivors (3072K)
 Metaspace       used 28447K, committed 28736K, reserved 1114112K
  class space    used 3474K, committed 3584K, reserved 1048576K
}
Event: 2.377 GC heap after
{Heap after GC invocations=6 (full 0):
 garbage-first heap   total 58368K, used 21586K [0x0000000082e00000, 0x0000000100000000)
  region size 1024K, 4 young (4096K), 4 survivors (4096K)
 Metaspace       used 28447K, committed 28736K, reserved 1114112K
  class space    used 3474K, committed 3584K, reserved 1048576K
}
Event: 2.810 GC heap before
{Heap before GC invocations=6 (full 0):
 garbage-first heap   total 58368K, used 46162K [0x0000000082e00000, 0x0000000100000000)
  region size 1024K, 28 young (28672K), 4 survivors (4096K)
 Metaspace       used 32253K, committed 32640K, reserved 1114112K
  class space    used 3949K, committed 4096K, reserved 1048576K
}
Event: 2.823 GC heap after
{Heap after GC invocations=7 (full 0):
 garbage-first heap   total 70656K, used 23451K [0x0000000082e00000, 0x0000000100000000)
  region size 1024K, 3 young (3072K), 3 survivors (3072K)
 Metaspace       used 32253K, committed 32640K, reserved 1114112K
  class space    used 3949K, committed 4096K, reserved 1048576K
}
Event: 3.123 GC heap before
{Heap before GC invocations=7 (full 0):
 garbage-first heap   total 70656K, used 39835K [0x0000000082e00000, 0x0000000100000000)
  region size 1024K, 21 young (21504K), 3 survivors (3072K)
 Metaspace       used 35586K, committed 35968K, reserved 1114112K
  class space    used 4408K, committed 4608K, reserved 1048576K
}
Event: 3.127 GC heap after
{Heap after GC invocations=8 (full 0):
 garbage-first heap   total 70656K, used 24505K [0x0000000082e00000, 0x0000000100000000)
  region size 1024K, 4 young (4096K), 4 survivors (4096K)
 Metaspace       used 35586K, committed 35968K, reserved 1114112K
  class space    used 4408K, committed 4608K, reserved 1048576K
}
Event: 3.792 GC heap before
{Heap before GC invocations=9 (full 0):
 garbage-first heap   total 70656K, used 58297K [0x0000000082e00000, 0x0000000100000000)
  region size 1024K, 37 young (37888K), 4 survivors (4096K)
 Metaspace       used 44351K, committed 44736K, reserved 1114112K
  class space    used 5692K, committed 5824K, reserved 1048576K
}
Event: 3.796 GC heap after
{Heap after GC invocations=10 (full 0):
 garbage-first heap   total 70656K, used 28531K [0x0000000082e00000, 0x0000000100000000)
  region size 1024K, 5 young (5120K), 5 survivors (5120K)
 Metaspace       used 44351K, committed 44736K, reserved 1114112K
  class space    used 5692K, committed 5824K, reserved 1048576K
}
Event: 4.223 GC heap before
{Heap before GC invocations=10 (full 0):
 garbage-first heap   total 70656K, used 59251K [0x0000000082e00000, 0x0000000100000000)
  region size 1024K, 35 young (35840K), 5 survivors (5120K)
 Metaspace       used 49434K, committed 49856K, reserved 1114112K
  class space    used 6430K, committed 6592K, reserved 1048576K
}
Event: 4.228 GC heap after
{Heap after GC invocations=11 (full 0):
 garbage-first heap   total 70656K, used 30499K [0x0000000082e00000, 0x0000000100000000)
  region size 1024K, 3 young (3072K), 3 survivors (3072K)
 Metaspace       used 49434K, committed 49856K, reserved 1114112K
  class space    used 6430K, committed 6592K, reserved 1048576K
}
Event: 4.378 GC heap before
{Heap before GC invocations=11 (full 0):
 garbage-first heap   total 70656K, used 59171K [0x0000000082e00000, 0x0000000100000000)
  region size 1024K, 31 young (31744K), 3 survivors (3072K)
 Metaspace       used 49895K, committed 50240K, reserved 1114112K
  class space    used 6450K, committed 6592K, reserved 1048576K
}
Event: 4.382 GC heap after
{Heap after GC invocations=12 (full 0):
 garbage-first heap   total 70656K, used 30706K [0x0000000082e00000, 0x0000000100000000)
  region size 1024K, 3 young (3072K), 3 survivors (3072K)
 Metaspace       used 49895K, committed 50240K, reserved 1114112K
  class space    used 6450K, committed 6592K, reserved 1048576K
}
Event: 4.494 GC heap before
{Heap before GC invocations=12 (full 0):
 garbage-first heap   total 70656K, used 61426K [0x0000000082e00000, 0x0000000100000000)
  region size 1024K, 33 young (33792K), 3 survivors (3072K)
 Metaspace       used 50211K, committed 50624K, reserved 1114112K
  class space    used 6470K, committed 6656K, reserved 1048576K
}
Event: 4.495 GC heap after
{Heap after GC invocations=13 (full 0):
 garbage-first heap   total 70656K, used 31377K [0x0000000082e00000, 0x0000000100000000)
  region size 1024K, 4 young (4096K), 4 survivors (4096K)
 Metaspace       used 50211K, committed 50624K, reserved 1114112K
  class space    used 6470K, committed 6656K, reserved 1048576K
}
Event: 4.567 GC heap before
{Heap before GC invocations=13 (full 0):
 garbage-first heap   total 70656K, used 61073K [0x0000000082e00000, 0x0000000100000000)
  region size 1024K, 33 young (33792K), 4 survivors (4096K)
 Metaspace       used 50458K, committed 50816K, reserved 1114112K
  class space    used 6484K, committed 6656K, reserved 1048576K
}
Event: 4.570 GC heap after
{Heap after GC invocations=14 (full 0):
 garbage-first heap   total 84992K, used 32036K [0x0000000082e00000, 0x0000000100000000)
  region size 1024K, 2 young (2048K), 2 survivors (2048K)
 Metaspace       used 50458K, committed 50816K, reserved 1114112K
  class space    used 6484K, committed 6656K, reserved 1048576K
}
Event: 4.870 GC heap before
{Heap before GC invocations=14 (full 0):
 garbage-first heap   total 84992K, used 77092K [0x0000000082e00000, 0x0000000100000000)
  region size 1024K, 46 young (47104K), 2 survivors (2048K)
 Metaspace       used 53177K, committed 53632K, reserved 1114112K
  class space    used 6820K, committed 7040K, reserved 1048576K
}
Event: 4.873 GC heap after
{Heap after GC invocations=15 (full 0):
 garbage-first heap   total 84992K, used 34087K [0x0000000082e00000, 0x0000000100000000)
  region size 1024K, 4 young (4096K), 4 survivors (4096K)
 Metaspace       used 53177K, committed 53632K, reserved 1114112K
  class space    used 6820K, committed 7040K, reserved 1048576K
}

