# JRE version: Java(TM) SE Runtime Environment (21.0.2+13) (build 21.0.2+13-LTS-58)
# Java VM: Java HotSpot(TM) 64-Bit Server VM (21.0.2+13-LTS-58, mixed mode, sharing, tiered, compressed oops, compressed class ptrs, g1 gc, windows-amd64)
GC Precious Log:
 CardTable entry size: 512
 Card Set container configuration: InlinePtr #cards 5 size 8 Array Of Cards #cards 12 size 40 Howl #buckets 4 coarsen threshold 1843 Howl Bitmap #cards 512 size 80 coarsen threshold 460 Card regions per heap region 1 cards per card region 2048
 CPUs: 12 total, 12 available
 Memory: 8003M
 Large Page Support: Disabled
 NUMA Support: Disabled
 Compressed Oops: Enabled (32-bit)
 Heap Region Size: 1M
 Heap Min Capacity: 8M
 Heap Initial Capacity: 126M
 Heap Max Capacity: 2002M
 Pre-touch: Disabled
 Parallel Workers: 10
 Concurrent Workers: 3
 Concurrent Refinement Workers: 10
 Periodic GC: Disabled
Heap:
 garbage-first heap   total 214016K, used 107948K [0x0000000082e00000, 0x0000000100000000)
  region size 1024K, 45 young (46080K), 1 survivors (1024K)
 Metaspace       used 77093K, committed 77952K, reserved 1179648K
  class space    used 9276K, committed 9728K, reserved 1048576K
GC Heap History (20 events):
Event: 8.987 GC heap before
{Heap before GC invocations=36 (full 0):
 garbage-first heap   total 121856K, used 107538K [0x0000000082e00000, 0x0000000100000000)
  region size 1024K, 57 young (58368K), 6 survivors (6144K)
 Metaspace       used 67440K, committed 68032K, reserved 1114112K
  class space    used 8375K, committed 8640K, reserved 1048576K
}
Event: 8.994 GC heap after
{Heap after GC invocations=37 (full 0):
 garbage-first heap   total 121856K, used 59518K [0x0000000082e00000, 0x0000000100000000)
  region size 1024K, 7 young (7168K), 7 survivors (7168K)
 Metaspace       used 67440K, committed 68032K, reserved 1114112K
  class space    used 8375K, committed 8640K, reserved 1048576K
}
Event: 10.285 GC heap before
{Heap before GC invocations=37 (full 0):
 garbage-first heap   total 121856K, used 106622K [0x0000000082e00000, 0x0000000100000000)
  region size 1024K, 53 young (54272K), 7 survivors (7168K)
 Metaspace       used 69893K, committed 70592K, reserved 1114112K
  class space    used 8713K, committed 9024K, reserved 1048576K
}
Event: 10.292 GC heap after
{Heap after GC invocations=38 (full 0):
 garbage-first heap   total 121856K, used 61324K [0x0000000082e00000, 0x0000000100000000)
  region size 1024K, 3 young (3072K), 3 survivors (3072K)
 Metaspace       used 69893K, committed 70592K, reserved 1114112K
  class space    used 8713K, committed 9024K, reserved 1048576K
}
Event: 34.190 GC heap before
{Heap before GC invocations=39 (full 0):
 garbage-first heap   total 121856K, used 110476K [0x0000000082e00000, 0x0000000100000000)
  region size 1024K, 51 young (52224K), 3 survivors (3072K)
 Metaspace       used 73527K, committed 74176K, reserved 1114112K
  class space    used 9145K, committed 9472K, reserved 1048576K
}
Event: 34.203 GC heap after
{Heap after GC invocations=40 (full 0):
 garbage-first heap   total 132096K, used 79096K [0x0000000082e00000, 0x0000000100000000)
  region size 1024K, 7 young (7168K), 7 survivors (7168K)
 Metaspace       used 73527K, committed 74176K, reserved 1114112K
  class space    used 9145K, committed 9472K, reserved 1048576K
}
Event: 34.286 GC heap before
{Heap before GC invocations=40 (full 0):
 garbage-first heap   total 132096K, used 109816K [0x0000000082e00000, 0x0000000100000000)
  region size 1024K, 37 young (37888K), 7 survivors (7168K)
 Metaspace       used 73527K, committed 74176K, reserved 1114112K
  class space    used 9145K, committed 9472K, reserved 1048576K
}
Event: 34.302 GC heap after
{Heap after GC invocations=41 (full 0):
 garbage-first heap   total 134144K, used 86016K [0x0000000082e00000, 0x0000000100000000)
  region size 1024K, 5 young (5120K), 5 survivors (5120K)
 Metaspace       used 73527K, committed 74176K, reserved 1114112K
  class space    used 9145K, committed 9472K, reserved 1048576K
}
Event: 34.438 GC heap before
{Heap before GC invocations=41 (full 0):
 garbage-first heap   total 134144K, used 112640K [0x0000000082e00000, 0x0000000100000000)
  region size 1024K, 31 young (31744K), 5 survivors (5120K)
 Metaspace       used 73649K, committed 74304K, reserved 1114112K
  class space    used 9149K, committed 9472K, reserved 1048576K
}
Event: 34.444 GC heap after
{Heap after GC invocations=42 (full 0):
 garbage-first heap   total 214016K, used 91929K [0x0000000082e00000, 0x0000000100000000)
  region size 1024K, 4 young (4096K), 4 survivors (4096K)
 Metaspace       used 73649K, committed 74304K, reserved 1114112K
  class space    used 9149K, committed 9472K, reserved 1048576K
}
Event: 35.289 GC heap before
{Heap before GC invocations=43 (full 0):
 garbage-first heap   total 214016K, used 171801K [0x0000000082e00000, 0x0000000100000000)
  region size 1024K, 82 young (83968K), 4 survivors (4096K)
 Metaspace       used 75203K, committed 76096K, reserved 1179648K
  class space    used 9271K, committed 9728K, reserved 1048576K
}
Event: 35.301 GC heap after
{Heap after GC invocations=44 (full 0):
 garbage-first heap   total 214016K, used 101793K [0x0000000082e00000, 0x0000000100000000)
  region size 1024K, 11 young (11264K), 11 survivors (11264K)
 Metaspace       used 75203K, committed 76096K, reserved 1179648K
  class space    used 9271K, committed 9728K, reserved 1048576K
}
Event: 37.235 GC heap before
{Heap before GC invocations=44 (full 0):
 garbage-first heap   total 214016K, used 172449K [0x0000000082e00000, 0x0000000100000000)
  region size 1024K, 80 young (81920K), 11 survivors (11264K)
 Metaspace       used 77044K, committed 77888K, reserved 1179648K
  class space    used 9272K, committed 9728K, reserved 1048576K
}
Event: 37.252 GC heap after
{Heap after GC invocations=45 (full 0):
 garbage-first heap   total 214016K, used 102455K [0x0000000082e00000, 0x0000000100000000)
  region size 1024K, 2 young (2048K), 2 survivors (2048K)
 Metaspace       used 77044K, committed 77888K, reserved 1179648K
  class space    used 9272K, committed 9728K, reserved 1048576K
}
Event: 39.339 GC heap before
{Heap before GC invocations=45 (full 0):
 garbage-first heap   total 214016K, used 178231K [0x0000000082e00000, 0x0000000100000000)
  region size 1024K, 76 young (77824K), 2 survivors (2048K)
 Metaspace       used 77065K, committed 77952K, reserved 1179648K
  class space    used 9272K, committed 9728K, reserved 1048576K
}
Event: 39.343 GC heap after
{Heap after GC invocations=46 (full 0):
 garbage-first heap   total 214016K, used 101285K [0x0000000082e00000, 0x0000000100000000)
  region size 1024K, 1 young (1024K), 1 survivors (1024K)
 Metaspace       used 77065K, committed 77952K, reserved 1179648K
  class space    used 9272K, committed 9728K, reserved 1048576K
}
Event: 41.445 GC heap before
{Heap before GC invocations=47 (full 0):
 garbage-first heap   total 214016K, used 161701K [0x0000000082e00000, 0x0000000100000000)
  region size 1024K, 82 young (83968K), 1 survivors (1024K)
 Metaspace       used 77074K, committed 77952K, reserved 1179648K
  class space    used 9274K, committed 9728K, reserved 1048576K
}
Event: 41.454 GC heap after
{Heap after GC invocations=48 (full 0):
 garbage-first heap   total 214016K, used 78462K [0x0000000082e00000, 0x0000000100000000)
  region size 1024K, 1 young (1024K), 1 survivors (1024K)
 Metaspace       used 77074K, committed 77952K, reserved 1179648K
  class space    used 9274K, committed 9728K, reserved 1048576K
}
Event: 44.448 GC heap before
{Heap before GC invocations=48 (full 0):
 garbage-first heap   total 214016K, used 193150K [0x0000000082e00000, 0x0000000100000000)
  region size 1024K, 113 young (115712K), 1 survivors (1024K)
 Metaspace       used 77080K, committed 77952K, reserved 1179648K
  class space    used 9274K, committed 9728K, reserved 1048576K
}
Event: 44.458 GC heap after
{Heap after GC invocations=49 (full 0):
 garbage-first heap   total 214016K, used 63916K [0x0000000082e00000, 0x0000000100000000)
  region size 1024K, 1 young (1024K), 1 survivors (1024K)
 Metaspace       used 77080K, committed 77952K, reserved 1179648K
  class space    used 9274K, committed 9728K, reserved 1048576K
}

