# JRE version: OpenJDK Runtime Environment Temurin-21.0.7+6 (21.0.7+6) (build 21.0.7+6-LTS)
# Java VM: OpenJDK 64-Bit Server VM Temurin-21.0.7+6 (21.0.7+6-LTS, mixed mode, sharing, tiered, compressed oops, compressed class ptrs, parallel gc, windows-amd64)
GC Precious Log:
 CardTable entry size: 512
 CPUs: 12 total, 12 available
 Memory: 8003M
 Large Page Support: Disabled
 NUMA Support: Disabled
 Compressed Oops: Enabled (32-bit)
 Alignments: Space 512K, Generation 512K, Heap 2M
 Heap Min Capacity: 100M
 Heap Initial Capacity: 100M
 Heap Max Capacity: 1G
 Pre-touch: Disabled
 Parallel Workers: 10
Heap:
 PSYoungGen      total 26624K, used 12738K [0x00000000eab00000, 0x00000000ecc80000, 0x0000000100000000)
  eden space 23552K, 41% used [0x00000000eab00000,0x00000000eb4715d8,0x00000000ec200000)
  from space 3072K, 99% used [0x00000000ec980000,0x00000000ecc7f440,0x00000000ecc80000)
  to   space 3584K, 0% used [0x00000000ec580000,0x00000000ec580000,0x00000000ec900000)
 ParOldGen       total 543744K, used 514577K [0x00000000c0000000, 0x00000000e1300000, 0x00000000eab00000)
  object space 543744K, 94% used [0x00000000c0000000,0x00000000df684740,0x00000000e1300000)
 Metaspace       used 94459K, committed 96128K, reserved 1179648K
  class space    used 8936K, committed 9664K, reserved 1048576K
GC Heap History (20 events):
Event: 28646.863 GC heap before
{Heap before GC invocations=8271 (full 31):
 PSYoungGen      total 28672K, used 28250K [0x00000000eab00000, 0x00000000ed800000, 0x0000000100000000)
  eden space 22016K, 100% used [0x00000000eab00000,0x00000000ec080000,0x00000000ec080000)
  from space 6656K, 93% used [0x00000000ed180000,0x00000000ed7968d8,0x00000000ed800000)
  to   space 10240K, 0% used [0x00000000ec400000,0x00000000ec400000,0x00000000ece00000)
 ParOldGen       total 642048K, used 641952K [0x00000000c0000000, 0x00000000e7300000, 0x00000000eab00000)
  object space 642048K, 99% used [0x00000000c0000000,0x00000000e72e8110,0x00000000e7300000)
 Metaspace       used 94444K, committed 96128K, reserved 1179648K
  class space    used 8937K, committed 9664K, reserved 1048576K
}
Event: 28646.876 GC heap after
{Heap after GC invocations=8271 (full 31):
 PSYoungGen      total 28672K, used 6267K [0x00000000eab00000, 0x00000000ed200000, 0x0000000100000000)
  eden space 22016K, 0% used [0x00000000eab00000,0x00000000eab00000,0x00000000ec080000)
  from space 6656K, 94% used [0x00000000ec400000,0x00000000eca1ee88,0x00000000eca80000)
  to   space 7168K, 0% used [0x00000000ecb00000,0x00000000ecb00000,0x00000000ed200000)
 ParOldGen       total 648192K, used 647970K [0x00000000c0000000, 0x00000000e7900000, 0x00000000eab00000)
  object space 648192K, 99% used [0x00000000c0000000,0x00000000e78c8978,0x00000000e7900000)
 Metaspace       used 94444K, committed 96128K, reserved 1179648K
  class space    used 8937K, committed 9664K, reserved 1048576K
}
Event: 28648.671 GC heap before
{Heap before GC invocations=8272 (full 31):
 PSYoungGen      total 28672K, used 28283K [0x00000000eab00000, 0x00000000ed200000, 0x0000000100000000)
  eden space 22016K, 100% used [0x00000000eab00000,0x00000000ec080000,0x00000000ec080000)
  from space 6656K, 94% used [0x00000000ec400000,0x00000000eca1ee88,0x00000000eca80000)
  to   space 7168K, 0% used [0x00000000ecb00000,0x00000000ecb00000,0x00000000ed200000)
 ParOldGen       total 648192K, used 647970K [0x00000000c0000000, 0x00000000e7900000, 0x00000000eab00000)
  object space 648192K, 99% used [0x00000000c0000000,0x00000000e78c8978,0x00000000e7900000)
 Metaspace       used 94445K, committed 96128K, reserved 1179648K
  class space    used 8937K, committed 9664K, reserved 1048576K
}
Event: 28648.715 GC heap after
{Heap after GC invocations=8272 (full 31):
 PSYoungGen      total 24576K, used 2225K [0x00000000eab00000, 0x00000000ecd80000, 0x0000000100000000)
  eden space 22016K, 0% used [0x00000000eab00000,0x00000000eab00000,0x00000000ec080000)
  from space 2560K, 86% used [0x00000000ecb00000,0x00000000ecd2c4a0,0x00000000ecd80000)
  to   space 4096K, 0% used [0x00000000ec580000,0x00000000ec580000,0x00000000ec980000)
 ParOldGen       total 651264K, used 651176K [0x00000000c0000000, 0x00000000e7c00000, 0x00000000eab00000)
  object space 651264K, 99% used [0x00000000c0000000,0x00000000e7bea008,0x00000000e7c00000)
 Metaspace       used 94445K, committed 96128K, reserved 1179648K
  class space    used 8937K, committed 9664K, reserved 1048576K
}
Event: 28648.940 GC heap before
{Heap before GC invocations=8273 (full 31):
 PSYoungGen      total 24576K, used 24136K [0x00000000eab00000, 0x00000000ecd80000, 0x0000000100000000)
  eden space 22016K, 99% used [0x00000000eab00000,0x00000000ec065b80,0x00000000ec080000)
  from space 2560K, 86% used [0x00000000ecb00000,0x00000000ecd2c4a0,0x00000000ecd80000)
  to   space 4096K, 0% used [0x00000000ec580000,0x00000000ec580000,0x00000000ec980000)
 ParOldGen       total 651264K, used 651176K [0x00000000c0000000, 0x00000000e7c00000, 0x00000000eab00000)
  object space 651264K, 99% used [0x00000000c0000000,0x00000000e7bea008,0x00000000e7c00000)
 Metaspace       used 94446K, committed 96128K, reserved 1179648K
  class space    used 8937K, committed 9664K, reserved 1048576K
}
Event: 28648.964 GC heap after
{Heap after GC invocations=8273 (full 31):
 PSYoungGen      total 26112K, used 4079K [0x00000000eab00000, 0x00000000ef380000, 0x0000000100000000)
  eden space 22016K, 0% used [0x00000000eab00000,0x00000000eab00000,0x00000000ec080000)
  from space 4096K, 99% used [0x00000000ec580000,0x00000000ec97bca0,0x00000000ec980000)
  to   space 26112K, 0% used [0x00000000eda00000,0x00000000eda00000,0x00000000ef380000)
 ParOldGen       total 669696K, used 669371K [0x00000000c0000000, 0x00000000e8e00000, 0x00000000eab00000)
  object space 669696K, 99% used [0x00000000c0000000,0x00000000e8daec70,0x00000000e8e00000)
 Metaspace       used 94446K, committed 96128K, reserved 1179648K
  class space    used 8937K, committed 9664K, reserved 1048576K
}
Event: 28649.216 GC heap before
{Heap before GC invocations=8274 (full 31):
 PSYoungGen      total 26112K, used 26095K [0x00000000eab00000, 0x00000000ef380000, 0x0000000100000000)
  eden space 22016K, 100% used [0x00000000eab00000,0x00000000ec080000,0x00000000ec080000)
  from space 4096K, 99% used [0x00000000ec580000,0x00000000ec97bca0,0x00000000ec980000)
  to   space 26112K, 0% used [0x00000000eda00000,0x00000000eda00000,0x00000000ef380000)
 ParOldGen       total 669696K, used 669371K [0x00000000c0000000, 0x00000000e8e00000, 0x00000000eab00000)
  object space 669696K, 99% used [0x00000000c0000000,0x00000000e8daec70,0x00000000e8e00000)
 Metaspace       used 94446K, committed 96128K, reserved 1179648K
  class space    used 8937K, committed 9664K, reserved 1048576K
}
Event: 28649.237 GC heap after
{Heap after GC invocations=8274 (full 31):
 PSYoungGen      total 30208K, used 7719K [0x00000000eab00000, 0x00000000ee200000, 0x0000000100000000)
  eden space 22016K, 0% used [0x00000000eab00000,0x00000000eab00000,0x00000000ec080000)
  from space 8192K, 94% used [0x00000000eda00000,0x00000000ee189ff0,0x00000000ee200000)
  to   space 13312K, 0% used [0x00000000ec800000,0x00000000ec800000,0x00000000ed500000)
 ParOldGen       total 671744K, used 671475K [0x00000000c0000000, 0x00000000e9000000, 0x00000000eab00000)
  object space 671744K, 99% used [0x00000000c0000000,0x00000000e8fbcc70,0x00000000e9000000)
 Metaspace       used 94446K, committed 96128K, reserved 1179648K
  class space    used 8937K, committed 9664K, reserved 1048576K
}
Event: 28649.284 GC heap before
{Heap before GC invocations=8275 (full 31):
 PSYoungGen      total 30208K, used 29735K [0x00000000eab00000, 0x00000000ee200000, 0x0000000100000000)
  eden space 22016K, 100% used [0x00000000eab00000,0x00000000ec080000,0x00000000ec080000)
  from space 8192K, 94% used [0x00000000eda00000,0x00000000ee189ff0,0x00000000ee200000)
  to   space 13312K, 0% used [0x00000000ec800000,0x00000000ec800000,0x00000000ed500000)
 ParOldGen       total 671744K, used 671475K [0x00000000c0000000, 0x00000000e9000000, 0x00000000eab00000)
  object space 671744K, 99% used [0x00000000c0000000,0x00000000e8fbcc70,0x00000000e9000000)
 Metaspace       used 94446K, committed 96128K, reserved 1179648K
  class space    used 8937K, committed 9664K, reserved 1048576K
}
Event: 28649.295 GC heap after
{Heap after GC invocations=8275 (full 31):
 PSYoungGen      total 33280K, used 10809K [0x00000000eab00000, 0x00000000eda80000, 0x0000000100000000)
  eden space 22016K, 0% used [0x00000000eab00000,0x00000000eab00000,0x00000000ec080000)
  from space 11264K, 95% used [0x00000000ec800000,0x00000000ed28e410,0x00000000ed300000)
  to   space 7680K, 0% used [0x00000000ed300000,0x00000000ed300000,0x00000000eda80000)
 ParOldGen       total 679424K, used 678996K [0x00000000c0000000, 0x00000000e9780000, 0x00000000eab00000)
  object space 679424K, 99% used [0x00000000c0000000,0x00000000e9715188,0x00000000e9780000)
 Metaspace       used 94446K, committed 96128K, reserved 1179648K
  class space    used 8937K, committed 9664K, reserved 1048576K
}
Event: 28649.381 GC heap before
{Heap before GC invocations=8276 (full 31):
 PSYoungGen      total 33280K, used 32785K [0x00000000eab00000, 0x00000000eda80000, 0x0000000100000000)
  eden space 22016K, 99% used [0x00000000eab00000,0x00000000ec076240,0x00000000ec080000)
  from space 11264K, 95% used [0x00000000ec800000,0x00000000ed28e410,0x00000000ed300000)
  to   space 7680K, 0% used [0x00000000ed300000,0x00000000ed300000,0x00000000eda80000)
 ParOldGen       total 679424K, used 678996K [0x00000000c0000000, 0x00000000e9780000, 0x00000000eab00000)
  object space 679424K, 99% used [0x00000000c0000000,0x00000000e9715188,0x00000000e9780000)
 Metaspace       used 94446K, committed 96128K, reserved 1179648K
  class space    used 8937K, committed 9664K, reserved 1048576K
}
Event: 28649.398 GC heap after
{Heap after GC invocations=8276 (full 31):
 PSYoungGen      total 27648K, used 5598K [0x00000000eab00000, 0x00000000ed880000, 0x0000000100000000)
  eden space 22016K, 0% used [0x00000000eab00000,0x00000000eab00000,0x00000000ec080000)
  from space 5632K, 99% used [0x00000000ed300000,0x00000000ed877b68,0x00000000ed880000)
  to   space 7680K, 0% used [0x00000000ec980000,0x00000000ec980000,0x00000000ed100000)
 ParOldGen       total 689152K, used 689013K [0x00000000c0000000, 0x00000000ea100000, 0x00000000eab00000)
  object space 689152K, 99% used [0x00000000c0000000,0x00000000ea0dd790,0x00000000ea100000)
 Metaspace       used 94446K, committed 96128K, reserved 1179648K
  class space    used 8937K, committed 9664K, reserved 1048576K
}
Event: 28649.478 GC heap before
{Heap before GC invocations=8277 (full 32):
 PSYoungGen      total 27648K, used 18526K [0x00000000eab00000, 0x00000000ed880000, 0x0000000100000000)
  eden space 22016K, 58% used [0x00000000eab00000,0x00000000eb79ff28,0x00000000ec080000)
  from space 5632K, 99% used [0x00000000ed300000,0x00000000ed877b68,0x00000000ed880000)
  to   space 7680K, 0% used [0x00000000ec980000,0x00000000ec980000,0x00000000ed100000)
 ParOldGen       total 699392K, used 689013K [0x00000000c0000000, 0x00000000eab00000, 0x00000000eab00000)
  object space 699392K, 98% used [0x00000000c0000000,0x00000000ea0dd790,0x00000000eab00000)
 Metaspace       used 94446K, committed 96128K, reserved 1179648K
  class space    used 8937K, committed 9664K, reserved 1048576K
}
Event: 28656.445 GC heap after
{Heap after GC invocations=8277 (full 32):
 PSYoungGen      total 25600K, used 0K [0x00000000eab00000, 0x00000000ed380000, 0x0000000100000000)
  eden space 25088K, 0% used [0x00000000eab00000,0x00000000eab00000,0x00000000ec380000)
  from space 512K, 0% used [0x00000000ec980000,0x00000000ec980000,0x00000000eca00000)
  to   space 7680K, 0% used [0x00000000ecc00000,0x00000000ecc00000,0x00000000ed380000)
 ParOldGen       total 543744K, used 502825K [0x00000000c0000000, 0x00000000e1300000, 0x00000000eab00000)
  object space 543744K, 92% used [0x00000000c0000000,0x00000000deb0a720,0x00000000e1300000)
 Metaspace       used 94442K, committed 96128K, reserved 1179648K
  class space    used 8936K, committed 9664K, reserved 1048576K
}
Event: 28656.459 GC heap before
{Heap before GC invocations=8278 (full 32):
 PSYoungGen      total 25600K, used 25088K [0x00000000eab00000, 0x00000000ed380000, 0x0000000100000000)
  eden space 25088K, 100% used [0x00000000eab00000,0x00000000ec380000,0x00000000ec380000)
  from space 512K, 0% used [0x00000000ec980000,0x00000000ec980000,0x00000000eca00000)
  to   space 7680K, 0% used [0x00000000ecc00000,0x00000000ecc00000,0x00000000ed380000)
 ParOldGen       total 543744K, used 502825K [0x00000000c0000000, 0x00000000e1300000, 0x00000000eab00000)
  object space 543744K, 92% used [0x00000000c0000000,0x00000000deb0a720,0x00000000e1300000)
 Metaspace       used 94442K, committed 96128K, reserved 1179648K
  class space    used 8936K, committed 9664K, reserved 1048576K
}
Event: 28656.467 GC heap after
{Heap after GC invocations=8278 (full 32):
 PSYoungGen      total 26112K, used 1442K [0x00000000eab00000, 0x00000000ecd80000, 0x0000000100000000)
  eden space 24576K, 0% used [0x00000000eab00000,0x00000000eab00000,0x00000000ec300000)
  from space 1536K, 93% used [0x00000000ecc00000,0x00000000ecd689a8,0x00000000ecd80000)
  to   space 3584K, 0% used [0x00000000ec680000,0x00000000ec680000,0x00000000eca00000)
 ParOldGen       total 543744K, used 514345K [0x00000000c0000000, 0x00000000e1300000, 0x00000000eab00000)
  object space 543744K, 94% used [0x00000000c0000000,0x00000000df64a730,0x00000000e1300000)
 Metaspace       used 94442K, committed 96128K, reserved 1179648K
  class space    used 8936K, committed 9664K, reserved 1048576K
}
Event: 28656.698 GC heap before
{Heap before GC invocations=8279 (full 32):
 PSYoungGen      total 26112K, used 26018K [0x00000000eab00000, 0x00000000ecd80000, 0x0000000100000000)
  eden space 24576K, 100% used [0x00000000eab00000,0x00000000ec300000,0x00000000ec300000)
  from space 1536K, 93% used [0x00000000ecc00000,0x00000000ecd689a8,0x00000000ecd80000)
  to   space 3584K, 0% used [0x00000000ec680000,0x00000000ec680000,0x00000000eca00000)
 ParOldGen       total 543744K, used 514345K [0x00000000c0000000, 0x00000000e1300000, 0x00000000eab00000)
  object space 543744K, 94% used [0x00000000c0000000,0x00000000df64a730,0x00000000e1300000)
 Metaspace       used 94442K, committed 96128K, reserved 1179648K
  class space    used 8936K, committed 9664K, reserved 1048576K
}
Event: 28656.700 GC heap after
{Heap after GC invocations=8279 (full 32):
 PSYoungGen      total 27136K, used 2875K [0x00000000eab00000, 0x00000000ecc80000, 0x0000000100000000)
  eden space 24064K, 0% used [0x00000000eab00000,0x00000000eab00000,0x00000000ec280000)
  from space 3072K, 93% used [0x00000000ec680000,0x00000000ec94ec28,0x00000000ec980000)
  to   space 3072K, 0% used [0x00000000ec980000,0x00000000ec980000,0x00000000ecc80000)
 ParOldGen       total 543744K, used 514545K [0x00000000c0000000, 0x00000000e1300000, 0x00000000eab00000)
  object space 543744K, 94% used [0x00000000c0000000,0x00000000df67c740,0x00000000e1300000)
 Metaspace       used 94442K, committed 96128K, reserved 1179648K
  class space    used 8936K, committed 9664K, reserved 1048576K
}
Event: 28657.098 GC heap before
{Heap before GC invocations=8280 (full 32):
 PSYoungGen      total 27136K, used 26525K [0x00000000eab00000, 0x00000000ecc80000, 0x0000000100000000)
  eden space 24064K, 98% used [0x00000000eab00000,0x00000000ec218bc8,0x00000000ec280000)
  from space 3072K, 93% used [0x00000000ec680000,0x00000000ec94ec28,0x00000000ec980000)
  to   space 3072K, 0% used [0x00000000ec980000,0x00000000ec980000,0x00000000ecc80000)
 ParOldGen       total 543744K, used 514545K [0x00000000c0000000, 0x00000000e1300000, 0x00000000eab00000)
  object space 543744K, 94% used [0x00000000c0000000,0x00000000df67c740,0x00000000e1300000)
 Metaspace       used 94451K, committed 96128K, reserved 1179648K
  class space    used 8936K, committed 9664K, reserved 1048576K
}
Event: 28657.101 GC heap after
{Heap after GC invocations=8280 (full 32):
 PSYoungGen      total 26624K, used 3069K [0x00000000eab00000, 0x00000000ecc80000, 0x0000000100000000)
  eden space 23552K, 0% used [0x00000000eab00000,0x00000000eab00000,0x00000000ec200000)
  from space 3072K, 99% used [0x00000000ec980000,0x00000000ecc7f440,0x00000000ecc80000)
  to   space 3584K, 0% used [0x00000000ec580000,0x00000000ec580000,0x00000000ec900000)
 ParOldGen       total 543744K, used 514577K [0x00000000c0000000, 0x00000000e1300000, 0x00000000eab00000)
  object space 543744K, 94% used [0x00000000c0000000,0x00000000df684740,0x00000000e1300000)
 Metaspace       used 94451K, committed 96128K, reserved 1179648K
  class space    used 8936K, committed 9664K, reserved 1048576K
}

