# JRE version: Java(TM) SE Runtime Environment (21.0.2+13) (build 21.0.2+13-LTS-58)
# Java VM: Java HotSpot(TM) 64-Bit Server VM (21.0.2+13-LTS-58, mixed mode, sharing, tiered, compressed oops, compressed class ptrs, g1 gc, windows-amd64)
GC Precious Log:
 CardTable entry size: 512
 Card Set container configuration: InlinePtr #cards 5 size 8 Array Of Cards #cards 12 size 40 Howl #buckets 4 coarsen threshold 1843 Howl Bitmap #cards 512 size 80 coarsen threshold 460 Card regions per heap region 1 cards per card region 2048
 CPUs: 12 total, 12 available
 Memory: 8003M
 Large Page Support: Disabled
 NUMA Support: Disabled
 Compressed Oops: Enabled (32-bit)
 Heap Region Size: 1M
 Heap Min Capacity: 8M
 Heap Initial Capacity: 126M
 Heap Max Capacity: 2002M
 Pre-touch: Disabled
 Parallel Workers: 10
 Concurrent Workers: 3
 Concurrent Refinement Workers: 10
 Periodic GC: Disabled
Heap:
 garbage-first heap   total 139264K, used 117579K [0x0000000082e00000, 0x0000000100000000)
  region size 1024K, 65 young (66560K), 6 survivors (6144K)
 Metaspace       used 70760K, committed 71360K, reserved 1114112K
  class space    used 8776K, committed 9088K, reserved 1048576K
GC Heap History (20 events):
Event: 7.319 GC heap before
{Heap before GC invocations=18 (full 0):
 garbage-first heap   total 79872K, used 70213K [0x0000000082e00000, 0x0000000100000000)
  region size 1024K, 35 young (35840K), 3 survivors (3072K)
 Metaspace       used 58321K, committed 58816K, reserved 1114112K
  class space    used 7446K, committed 7680K, reserved 1048576K
}
Event: 7.322 GC heap after
{Heap after GC invocations=19 (full 0):
 garbage-first heap   total 79872K, used 38739K [0x0000000082e00000, 0x0000000100000000)
  region size 1024K, 4 young (4096K), 4 survivors (4096K)
 Metaspace       used 58321K, committed 58816K, reserved 1114112K
  class space    used 7446K, committed 7680K, reserved 1048576K
}
Event: 7.463 GC heap before
{Heap before GC invocations=19 (full 0):
 garbage-first heap   total 79872K, used 69459K [0x0000000082e00000, 0x0000000100000000)
  region size 1024K, 34 young (34816K), 4 survivors (4096K)
 Metaspace       used 58585K, committed 59072K, reserved 1114112K
  class space    used 7461K, committed 7680K, reserved 1048576K
}
Event: 7.468 GC heap after
{Heap after GC invocations=20 (full 0):
 garbage-first heap   total 96256K, used 40077K [0x0000000082e00000, 0x0000000100000000)
  region size 1024K, 3 young (3072K), 3 survivors (3072K)
 Metaspace       used 58585K, committed 59072K, reserved 1114112K
  class space    used 7461K, committed 7680K, reserved 1048576K
}
Event: 7.723 GC heap before
{Heap before GC invocations=20 (full 0):
 garbage-first heap   total 96256K, used 86157K [0x0000000082e00000, 0x0000000100000000)
  region size 1024K, 48 young (49152K), 3 survivors (3072K)
 Metaspace       used 59146K, committed 59584K, reserved 1114112K
  class space    used 7493K, committed 7680K, reserved 1048576K
}
Event: 7.727 GC heap after
{Heap after GC invocations=21 (full 0):
 garbage-first heap   total 96256K, used 42278K [0x0000000082e00000, 0x0000000100000000)
  region size 1024K, 5 young (5120K), 5 survivors (5120K)
 Metaspace       used 59146K, committed 59584K, reserved 1114112K
  class space    used 7493K, committed 7680K, reserved 1048576K
}
Event: 7.845 GC heap before
{Heap before GC invocations=21 (full 0):
 garbage-first heap   total 96256K, used 84262K [0x0000000082e00000, 0x0000000100000000)
  region size 1024K, 46 young (47104K), 5 survivors (5120K)
 Metaspace       used 59557K, committed 60032K, reserved 1114112K
  class space    used 7509K, committed 7744K, reserved 1048576K
}
Event: 7.849 GC heap after
{Heap after GC invocations=22 (full 0):
 garbage-first heap   total 96256K, used 44117K [0x0000000082e00000, 0x0000000100000000)
  region size 1024K, 4 young (4096K), 4 survivors (4096K)
 Metaspace       used 59557K, committed 60032K, reserved 1114112K
  class space    used 7509K, committed 7744K, reserved 1048576K
}
Event: 7.979 GC heap before
{Heap before GC invocations=22 (full 0):
 garbage-first heap   total 96256K, used 85077K [0x0000000082e00000, 0x0000000100000000)
  region size 1024K, 44 young (45056K), 4 survivors (4096K)
 Metaspace       used 60200K, committed 60672K, reserved 1114112K
  class space    used 7554K, committed 7744K, reserved 1048576K
}
Event: 7.982 GC heap after
{Heap after GC invocations=23 (full 0):
 garbage-first heap   total 96256K, used 45947K [0x0000000082e00000, 0x0000000100000000)
  region size 1024K, 4 young (4096K), 4 survivors (4096K)
 Metaspace       used 60200K, committed 60672K, reserved 1114112K
  class space    used 7554K, committed 7744K, reserved 1048576K
}
Event: 8.125 GC heap before
{Heap before GC invocations=23 (full 0):
 garbage-first heap   total 96256K, used 84859K [0x0000000082e00000, 0x0000000100000000)
  region size 1024K, 42 young (43008K), 4 survivors (4096K)
 Metaspace       used 60559K, committed 60992K, reserved 1114112K
  class space    used 7569K, committed 7744K, reserved 1048576K
}
Event: 8.129 GC heap after
{Heap after GC invocations=24 (full 0):
 garbage-first heap   total 115712K, used 47887K [0x0000000082e00000, 0x0000000100000000)
  region size 1024K, 4 young (4096K), 4 survivors (4096K)
 Metaspace       used 60559K, committed 60992K, reserved 1114112K
  class space    used 7569K, committed 7744K, reserved 1048576K
}
Event: 8.331 GC heap before
{Heap before GC invocations=24 (full 0):
 garbage-first heap   total 115712K, used 103183K [0x0000000082e00000, 0x0000000100000000)
  region size 1024K, 58 young (59392K), 4 survivors (4096K)
 Metaspace       used 60961K, committed 61440K, reserved 1114112K
  class space    used 7589K, committed 7808K, reserved 1048576K
}
Event: 8.335 GC heap after
{Heap after GC invocations=25 (full 0):
 garbage-first heap   total 115712K, used 50164K [0x0000000082e00000, 0x0000000100000000)
  region size 1024K, 6 young (6144K), 6 survivors (6144K)
 Metaspace       used 60961K, committed 61440K, reserved 1114112K
  class space    used 7589K, committed 7808K, reserved 1048576K
}
Event: 8.473 GC heap before
{Heap before GC invocations=25 (full 0):
 garbage-first heap   total 115712K, used 101364K [0x0000000082e00000, 0x0000000100000000)
  region size 1024K, 56 young (57344K), 6 survivors (6144K)
 Metaspace       used 61341K, committed 61760K, reserved 1114112K
  class space    used 7609K, committed 7808K, reserved 1048576K
}
Event: 8.478 GC heap after
{Heap after GC invocations=26 (full 0):
 garbage-first heap   total 115712K, used 52372K [0x0000000082e00000, 0x0000000100000000)
  region size 1024K, 5 young (5120K), 5 survivors (5120K)
 Metaspace       used 61341K, committed 61760K, reserved 1114112K
  class space    used 7609K, committed 7808K, reserved 1048576K
}
Event: 8.595 GC heap before
{Heap before GC invocations=26 (full 0):
 garbage-first heap   total 115712K, used 102548K [0x0000000082e00000, 0x0000000100000000)
  region size 1024K, 54 young (55296K), 5 survivors (5120K)
 Metaspace       used 61707K, committed 62080K, reserved 1114112K
  class space    used 7628K, committed 7808K, reserved 1048576K
}
Event: 8.598 GC heap after
{Heap after GC invocations=27 (full 0):
 garbage-first heap   total 115712K, used 54649K [0x0000000082e00000, 0x0000000100000000)
  region size 1024K, 5 young (5120K), 5 survivors (5120K)
 Metaspace       used 61707K, committed 62080K, reserved 1114112K
  class space    used 7628K, committed 7808K, reserved 1048576K
}
Event: 8.983 GC heap before
{Heap before GC invocations=27 (full 0):
 garbage-first heap   total 115712K, used 102777K [0x0000000082e00000, 0x0000000100000000)
  region size 1024K, 52 young (53248K), 5 survivors (5120K)
 Metaspace       used 63699K, committed 64192K, reserved 1114112K
  class space    used 7884K, committed 8128K, reserved 1048576K
}
Event: 8.987 GC heap after
{Heap after GC invocations=28 (full 0):
 garbage-first heap   total 139264K, used 58187K [0x0000000082e00000, 0x0000000100000000)
  region size 1024K, 6 young (6144K), 6 survivors (6144K)
 Metaspace       used 63699K, committed 64192K, reserved 1114112K
  class space    used 7884K, committed 8128K, reserved 1048576K
}

