# JRE version: Java(TM) SE Runtime Environment (22.0.2+9) (build 22.0.2+9-70)
# Java VM: Java HotSpot(TM) 64-Bit Server VM (22.0.2+9-70, mixed mode, sharing, tiered, compressed oops, compressed class ptrs, g1 gc, windows-amd64)
GC Precious Log:
 CardTable entry size: 512
 Card Set container configuration: InlinePtr #cards 5 size 8 Array Of Cards #cards 12 size 40 Howl #buckets 4 coarsen threshold 1843 Howl Bitmap #cards 512 size 80 coarsen threshold 460 Card regions per heap region 1 cards per card region 2048
 CPUs: 12 total, 12 available
 Memory: 8003M
 Large Page Support: Disabled
 NUMA Support: Disabled
 Compressed Oops: Enabled (32-bit)
 Heap Region Size: 1M
 Heap Min Capacity: 8M
 Heap Initial Capacity: 126M
 Heap Max Capacity: 2002M
 Pre-touch: Disabled
 Parallel Workers: 10
 Concurrent Workers: 3
 Concurrent Refinement Workers: 10
 Periodic GC: Disabled
Heap:
 garbage-first heap   total reserved 2050048K, committed 158720K, used 113512K [0x0000000082e00000, 0x0000000100000000)
  region size 1024K, 52 young (53248K), 2 survivors (2048K)
 Metaspace       used 80699K, committed 81536K, reserved 1179648K
  class space    used 9895K, committed 10304K, reserved 1048576K
GC Heap History (20 events):
Event: 387.050 GC heap before
{Heap before GC invocations=45 (full 0):
 garbage-first heap   total reserved 2050048K, committed 141312K, used 120404K [0x0000000082e00000, 0x0000000100000000)
  region size 1024K, 37 young (37888K), 6 survivors (6144K)
 Metaspace       used 76673K, committed 77312K, reserved 1179648K
  class space    used 9653K, committed 9984K, reserved 1048576K
}
Event: 387.060 GC heap after
{Heap after GC invocations=46 (full 0):
 garbage-first heap   total reserved 2050048K, committed 141312K, used 93738K [0x0000000082e00000, 0x0000000100000000)
  region size 1024K, 5 young (5120K), 5 survivors (5120K)
 Metaspace       used 76673K, committed 77312K, reserved 1179648K
  class space    used 9653K, committed 9984K, reserved 1048576K
}
Event: 388.013 GC heap before
{Heap before GC invocations=46 (full 0):
 garbage-first heap   total reserved 2050048K, committed 141312K, used 123434K [0x0000000082e00000, 0x0000000100000000)
  region size 1024K, 34 young (34816K), 5 survivors (5120K)
 Metaspace       used 78878K, committed 79680K, reserved 1179648K
  class space    used 9853K, committed 10240K, reserved 1048576K
}
Event: 388.019 GC heap after
{Heap after GC invocations=47 (full 0):
 garbage-first heap   total reserved 2050048K, committed 141312K, used 97049K [0x0000000082e00000, 0x0000000100000000)
  region size 1024K, 3 young (3072K), 3 survivors (3072K)
 Metaspace       used 78878K, committed 79680K, reserved 1179648K
  class space    used 9853K, committed 10240K, reserved 1048576K
}
Event: 389.323 GC heap before
{Heap before GC invocations=48 (full 0):
 garbage-first heap   total reserved 2050048K, committed 158720K, used 122649K [0x0000000082e00000, 0x0000000100000000)
  region size 1024K, 31 young (31744K), 3 survivors (3072K)
 Metaspace       used 79567K, committed 80448K, reserved 1179648K
  class space    used 9888K, committed 10304K, reserved 1048576K
}
Event: 389.326 GC heap after
{Heap after GC invocations=49 (full 0):
 garbage-first heap   total reserved 2050048K, committed 158720K, used 93477K [0x0000000082e00000, 0x0000000100000000)
  region size 1024K, 2 young (2048K), 2 survivors (2048K)
 Metaspace       used 79567K, committed 80448K, reserved 1179648K
  class space    used 9888K, committed 10304K, reserved 1048576K
}
Event: 391.029 GC heap before
{Heap before GC invocations=49 (full 0):
 garbage-first heap   total reserved 2050048K, committed 158720K, used 138533K [0x0000000082e00000, 0x0000000100000000)
  region size 1024K, 46 young (47104K), 2 survivors (2048K)
 Metaspace       used 80612K, committed 81408K, reserved 1179648K
  class space    used 9890K, committed 10304K, reserved 1048576K
}
Event: 391.034 GC heap after
{Heap after GC invocations=50 (full 0):
 garbage-first heap   total reserved 2050048K, committed 158720K, used 79397K [0x0000000082e00000, 0x0000000100000000)
  region size 1024K, 2 young (2048K), 2 survivors (2048K)
 Metaspace       used 80612K, committed 81408K, reserved 1179648K
  class space    used 9890K, committed 10304K, reserved 1048576K
}
Event: 392.444 GC heap before
{Heap before GC invocations=50 (full 0):
 garbage-first heap   total reserved 2050048K, committed 158720K, used 137765K [0x0000000082e00000, 0x0000000100000000)
  region size 1024K, 59 young (60416K), 2 survivors (2048K)
 Metaspace       used 80662K, committed 81472K, reserved 1179648K
  class space    used 9890K, committed 10304K, reserved 1048576K
}
Event: 392.449 GC heap after
{Heap after GC invocations=51 (full 0):
 garbage-first heap   total reserved 2050048K, committed 158720K, used 76305K [0x0000000082e00000, 0x0000000100000000)
  region size 1024K, 2 young (2048K), 2 survivors (2048K)
 Metaspace       used 80662K, committed 81472K, reserved 1179648K
  class space    used 9890K, committed 10304K, reserved 1048576K
}
Event: 393.928 GC heap before
{Heap before GC invocations=51 (full 0):
 garbage-first heap   total reserved 2050048K, committed 158720K, used 139793K [0x0000000082e00000, 0x0000000100000000)
  region size 1024K, 64 young (65536K), 2 survivors (2048K)
 Metaspace       used 80669K, committed 81472K, reserved 1179648K
  class space    used 9891K, committed 10304K, reserved 1048576K
}
Event: 393.930 GC heap after
{Heap after GC invocations=52 (full 0):
 garbage-first heap   total reserved 2050048K, committed 158720K, used 76314K [0x0000000082e00000, 0x0000000100000000)
  region size 1024K, 2 young (2048K), 2 survivors (2048K)
 Metaspace       used 80669K, committed 81472K, reserved 1179648K
  class space    used 9891K, committed 10304K, reserved 1048576K
}
Event: 395.276 GC heap before
{Heap before GC invocations=52 (full 0):
 garbage-first heap   total reserved 2050048K, committed 158720K, used 142874K [0x0000000082e00000, 0x0000000100000000)
  region size 1024K, 67 young (68608K), 2 survivors (2048K)
 Metaspace       used 80672K, committed 81472K, reserved 1179648K
  class space    used 9893K, committed 10304K, reserved 1048576K
}
Event: 395.279 GC heap after
{Heap after GC invocations=53 (full 0):
 garbage-first heap   total reserved 2050048K, committed 158720K, used 76389K [0x0000000082e00000, 0x0000000100000000)
  region size 1024K, 2 young (2048K), 2 survivors (2048K)
 Metaspace       used 80672K, committed 81472K, reserved 1179648K
  class space    used 9893K, committed 10304K, reserved 1048576K
}
Event: 396.393 GC heap before
{Heap before GC invocations=53 (full 0):
 garbage-first heap   total reserved 2050048K, committed 158720K, used 144997K [0x0000000082e00000, 0x0000000100000000)
  region size 1024K, 69 young (70656K), 2 survivors (2048K)
 Metaspace       used 80696K, committed 81536K, reserved 1179648K
  class space    used 9894K, committed 10304K, reserved 1048576K
}
Event: 396.396 GC heap after
{Heap after GC invocations=54 (full 0):
 garbage-first heap   total reserved 2050048K, committed 158720K, used 76322K [0x0000000082e00000, 0x0000000100000000)
  region size 1024K, 2 young (2048K), 2 survivors (2048K)
 Metaspace       used 80696K, committed 81536K, reserved 1179648K
  class space    used 9894K, committed 10304K, reserved 1048576K
}
Event: 397.855 GC heap before
{Heap before GC invocations=55 (full 0):
 garbage-first heap   total reserved 2050048K, committed 158720K, used 139810K [0x0000000082e00000, 0x0000000100000000)
  region size 1024K, 71 young (72704K), 2 survivors (2048K)
 Metaspace       used 80697K, committed 81536K, reserved 1179648K
  class space    used 9894K, committed 10304K, reserved 1048576K
}
Event: 397.857 GC heap after
{Heap after GC invocations=56 (full 0):
 garbage-first heap   total reserved 2050048K, committed 158720K, used 69119K [0x0000000082e00000, 0x0000000100000000)
  region size 1024K, 2 young (2048K), 2 survivors (2048K)
 Metaspace       used 80697K, committed 81536K, reserved 1179648K
  class space    used 9894K, committed 10304K, reserved 1048576K
}
Event: 399.720 GC heap before
{Heap before GC invocations=56 (full 0):
 garbage-first heap   total reserved 2050048K, committed 158720K, used 146943K [0x0000000082e00000, 0x0000000100000000)
  region size 1024K, 78 young (79872K), 2 survivors (2048K)
 Metaspace       used 80697K, committed 81536K, reserved 1179648K
  class space    used 9895K, committed 10304K, reserved 1048576K
}
Event: 399.723 GC heap after
{Heap after GC invocations=57 (full 0):
 garbage-first heap   total reserved 2050048K, committed 158720K, used 63336K [0x0000000082e00000, 0x0000000100000000)
  region size 1024K, 2 young (2048K), 2 survivors (2048K)
 Metaspace       used 80697K, committed 81536K, reserved 1179648K
  class space    used 9895K, committed 10304K, reserved 1048576K
}

