# JRE version: Java(TM) SE Runtime Environment (22.0.2+9) (build 22.0.2+9-70)
# Java VM: Java HotSpot(TM) 64-Bit Server VM (22.0.2+9-70, mixed mode, sharing, tiered, compressed oops, compressed class ptrs, g1 gc, windows-amd64)
GC Precious Log:
 CardTable entry size: 512
 Card Set container configuration: InlinePtr #cards 5 size 8 Array Of Cards #cards 12 size 40 Howl #buckets 4 coarsen threshold 1843 Howl Bitmap #cards 512 size 80 coarsen threshold 460 Card regions per heap region 1 cards per card region 2048
 CPUs: 12 total, 12 available
 Memory: 8003M
 Large Page Support: Disabled
 NUMA Support: Disabled
 Compressed Oops: Enabled (32-bit)
 Heap Region Size: 1M
 Heap Min Capacity: 8M
 Heap Initial Capacity: 126M
 Heap Max Capacity: 2002M
 Pre-touch: Disabled
 Parallel Workers: 10
 Concurrent Workers: 3
 Concurrent Refinement Workers: 10
 Periodic GC: Disabled
Heap:
 garbage-first heap   total reserved 2050048K, committed 235520K, used 205301K [0x0000000082e00000, 0x0000000100000000)
  region size 1024K, 134 young (137216K), 1 survivors (1024K)
 Metaspace       used 77178K, committed 77760K, reserved 1179648K
  class space    used 9421K, committed 9728K, reserved 1048576K
GC Heap History (20 events):
Event: 6100.406 GC heap before
{Heap before GC invocations=37 (full 0):
 garbage-first heap   total reserved 2050048K, committed 129024K, used 109872K [0x0000000082e00000, 0x0000000100000000)
  region size 1024K, 39 young (39936K), 7 survivors (7168K)
 Metaspace       used 74933K, committed 75712K, reserved 1179648K
  class space    used 9312K, committed 9664K, reserved 1048576K
}
Event: 6100.430 GC heap after
{Heap after GC invocations=38 (full 0):
 garbage-first heap   total reserved 2050048K, committed 136192K, used 82944K [0x0000000082e00000, 0x0000000100000000)
  region size 1024K, 5 young (5120K), 5 survivors (5120K)
 Metaspace       used 74933K, committed 75712K, reserved 1179648K
  class space    used 9312K, committed 9664K, reserved 1048576K
}
Event: 6100.510 GC heap before
{Heap before GC invocations=38 (full 0):
 garbage-first heap   total reserved 2050048K, committed 136192K, used 111616K [0x0000000082e00000, 0x0000000100000000)
  region size 1024K, 33 young (33792K), 5 survivors (5120K)
 Metaspace       used 74960K, committed 75712K, reserved 1179648K
  class space    used 9313K, committed 9664K, reserved 1048576K
}
Event: 6100.535 GC heap after
{Heap after GC invocations=39 (full 0):
 garbage-first heap   total reserved 2050048K, committed 307200K, used 109056K [0x0000000082e00000, 0x0000000100000000)
  region size 1024K, 5 young (5120K), 5 survivors (5120K)
 Metaspace       used 74960K, committed 75712K, reserved 1179648K
  class space    used 9313K, committed 9664K, reserved 1048576K
}
Event: 6100.896 GC heap before
{Heap before GC invocations=39 (full 0):
 garbage-first heap   total reserved 2050048K, committed 307200K, used 250368K [0x0000000082e00000, 0x0000000100000000)
  region size 1024K, 143 young (146432K), 5 survivors (5120K)
 Metaspace       used 75024K, committed 75776K, reserved 1179648K
  class space    used 9315K, committed 9664K, reserved 1048576K
}
Event: 6100.926 GC heap after
{Heap after GC invocations=40 (full 0):
 garbage-first heap   total reserved 2050048K, committed 307200K, used 151040K [0x0000000082e00000, 0x0000000100000000)
  region size 1024K, 18 young (18432K), 18 survivors (18432K)
 Metaspace       used 75024K, committed 75776K, reserved 1179648K
  class space    used 9315K, committed 9664K, reserved 1048576K
}
Event: 6101.297 GC heap before
{Heap before GC invocations=41 (full 0):
 garbage-first heap   total reserved 2050048K, committed 307200K, used 221696K [0x0000000082e00000, 0x0000000100000000)
  region size 1024K, 87 young (89088K), 18 survivors (18432K)
 Metaspace       used 75005K, committed 75776K, reserved 1179648K
  class space    used 9308K, committed 9664K, reserved 1048576K
}
Event: 6101.318 GC heap after
{Heap after GC invocations=42 (full 0):
 garbage-first heap   total reserved 2050048K, committed 307200K, used 167424K [0x0000000082e00000, 0x0000000100000000)
  region size 1024K, 11 young (11264K), 11 survivors (11264K)
 Metaspace       used 75005K, committed 75776K, reserved 1179648K
  class space    used 9308K, committed 9664K, reserved 1048576K
}
Event: 6101.444 GC heap before
{Heap before GC invocations=42 (full 0):
 garbage-first heap   total reserved 2050048K, committed 307200K, used 244224K [0x0000000082e00000, 0x0000000100000000)
  region size 1024K, 86 young (88064K), 11 survivors (11264K)
 Metaspace       used 75009K, committed 75776K, reserved 1179648K
  class space    used 9308K, committed 9664K, reserved 1048576K
}
Event: 6101.459 GC heap after
{Heap after GC invocations=43 (full 0):
 garbage-first heap   total reserved 2050048K, committed 307200K, used 179712K [0x0000000082e00000, 0x0000000100000000)
  region size 1024K, 11 young (11264K), 11 survivors (11264K)
 Metaspace       used 75009K, committed 75776K, reserved 1179648K
  class space    used 9308K, committed 9664K, reserved 1048576K
}
Event: 6103.163 GC heap before
{Heap before GC invocations=43 (full 0):
 garbage-first heap   total reserved 2050048K, committed 307200K, used 253440K [0x0000000082e00000, 0x0000000100000000)
  region size 1024K, 83 young (84992K), 11 survivors (11264K)
 Metaspace       used 77120K, committed 77760K, reserved 1179648K
  class space    used 9415K, committed 9728K, reserved 1048576K
}
Event: 6103.170 GC heap after
{Heap after GC invocations=44 (full 0):
 garbage-first heap   total reserved 2050048K, committed 307200K, used 183296K [0x0000000082e00000, 0x0000000100000000)
  region size 1024K, 2 young (2048K), 2 survivors (2048K)
 Metaspace       used 77120K, committed 77760K, reserved 1179648K
  class space    used 9415K, committed 9728K, reserved 1048576K
}
Event: 6104.638 GC heap before
{Heap before GC invocations=45 (full 0):
 garbage-first heap   total reserved 2050048K, committed 307200K, used 223232K [0x0000000082e00000, 0x0000000100000000)
  region size 1024K, 80 young (81920K), 2 survivors (2048K)
 Metaspace       used 77145K, committed 77760K, reserved 1179648K
  class space    used 9415K, committed 9728K, reserved 1048576K
}
Event: 6104.639 GC heap after
{Heap after GC invocations=46 (full 0):
 garbage-first heap   total reserved 2050048K, committed 307200K, used 142336K [0x0000000082e00000, 0x0000000100000000)
  region size 1024K, 1 young (1024K), 1 survivors (1024K)
 Metaspace       used 77145K, committed 77760K, reserved 1179648K
  class space    used 9415K, committed 9728K, reserved 1048576K
}
Event: 6106.826 GC heap before
{Heap before GC invocations=46 (full 0):
 garbage-first heap   total reserved 2050048K, committed 307200K, used 256000K [0x0000000082e00000, 0x0000000100000000)
  region size 1024K, 112 young (114688K), 1 survivors (1024K)
 Metaspace       used 77153K, committed 77760K, reserved 1179648K
  class space    used 9416K, committed 9728K, reserved 1048576K
}
Event: 6106.829 GC heap after
{Heap after GC invocations=47 (full 0):
 garbage-first heap   total reserved 2050048K, committed 307200K, used 112591K [0x0000000082e00000, 0x0000000100000000)
  region size 1024K, 1 young (1024K), 1 survivors (1024K)
 Metaspace       used 77153K, committed 77760K, reserved 1179648K
  class space    used 9416K, committed 9728K, reserved 1048576K
}
Event: 6109.308 GC heap before
{Heap before GC invocations=47 (full 0):
 garbage-first heap   total reserved 2050048K, committed 307200K, used 251855K [0x0000000082e00000, 0x0000000100000000)
  region size 1024K, 138 young (141312K), 1 survivors (1024K)
 Metaspace       used 77158K, committed 77760K, reserved 1179648K
  class space    used 9418K, committed 9728K, reserved 1048576K
}
Event: 6109.316 GC heap after
{Heap after GC invocations=48 (full 0):
 garbage-first heap   total reserved 2050048K, committed 307200K, used 92651K [0x0000000082e00000, 0x0000000100000000)
  region size 1024K, 1 young (1024K), 1 survivors (1024K)
 Metaspace       used 77158K, committed 77760K, reserved 1179648K
  class space    used 9418K, committed 9728K, reserved 1048576K
}
Event: 6112.003 GC heap before
{Heap before GC invocations=48 (full 0):
 garbage-first heap   total reserved 2050048K, committed 307200K, used 255467K [0x0000000082e00000, 0x0000000100000000)
  region size 1024K, 160 young (163840K), 1 survivors (1024K)
 Metaspace       used 77171K, committed 77760K, reserved 1179648K
  class space    used 9421K, committed 9728K, reserved 1048576K
}
Event: 6112.005 GC heap after
{Heap after GC invocations=49 (full 0):
 garbage-first heap   total reserved 2050048K, committed 307200K, used 92661K [0x0000000082e00000, 0x0000000100000000)
  region size 1024K, 1 young (1024K), 1 survivors (1024K)
 Metaspace       used 77171K, committed 77760K, reserved 1179648K
  class space    used 9421K, committed 9728K, reserved 1048576K
}

